<?xml version="1.0" encoding="UTF-8"?>
<testng-results skipped="18" failed="6" ignored="0" total="26" passed="2">
  <reporter-output>
  </reporter-output>
  <suite name="Command line suite" duration-ms="1565472" started-at="2021-02-24T16:39:58 EST" finished-at="2021-02-24T17:06:04 EST">
    <groups>
    </groups>
    <test name="Command line test" duration-ms="1565472" started-at="2021-02-24T16:39:58 EST" finished-at="2021-02-24T17:06:04 EST">
      <class name="com.WalmartTestCases.TestRegistrationWalmart">
        <test-method status="PASS" signature="satup()[pri:0, instance:com.WalmartTestCases.TestRegistrationWalmart@490ab905]" name="satup" is-config="true" duration-ms="9452" started-at="2021-02-24T16:53:17 EST" finished-at="2021-02-24T16:53:26 EST">
          <reporter-output>
          </reporter-output>
        </test-method> <!-- satup -->
        <test-method status="FAIL" signature="registrationFirstName_Test2()[pri:0, instance:com.WalmartTestCases.TestRegistrationWalmart@490ab905]" name="registrationFirstName_Test2" duration-ms="30064" started-at="2021-02-24T16:53:26 EST" finished-at="2021-02-24T16:53:56 EST">
          <exception class="org.openqa.selenium.NoSuchElementException">
            <message>
              <![CDATA[no such element: Unable to locate element: {"method":"xpath","selector":"//a[@class='css-1xh2uh0 evkjyb00']"}
  (Session info: chrome=88.0.4324.182)
For documentation on this error, please visit: https://www.seleniumhq.org/exceptions/no_such_element.html
Build info: version: '3.141.59', revision: 'e82be7d358', time: '2018-11-14T08:17:03'
System info: host: 'PREYAL', ip: '192.168.25.1', os.name: 'Windows 10', os.arch: 'amd64', os.version: '10.0', java.version: '1.8.0_281'
Driver info: org.openqa.selenium.chrome.ChromeDriver
Capabilities {acceptInsecureCerts: false, browserName: chrome, browserVersion: 88.0.4324.182, chrome: {chromedriverVersion: 87.0.4280.88 (89e2380a3e36c..., userDataDir: C:\WINDOWS\TEMP\scoped_dir1...}, goog:chromeOptions: {debuggerAddress: localhost:63352}, javascriptEnabled: true, networkConnectionEnabled: false, pageLoadStrategy: normal, platform: WINDOWS, platformName: WINDOWS, proxy: Proxy(), setWindowRect: true, strictFileInteractability: false, timeouts: {implicit: 0, pageLoad: 300000, script: 30000}, unhandledPromptBehavior: dismiss and notify, webauthn:virtualAuthenticators: true}
Session ID: e67690d7d7ddee73f8e54e0dca1fbf1a
*** Element info: {Using=xpath, value=//a[@class='css-1xh2uh0 evkjyb00']}]]>
            </message>
            <full-stacktrace>
              <![CDATA[org.openqa.selenium.NoSuchElementException: no such element: Unable to locate element: {"method":"xpath","selector":"//a[@class='css-1xh2uh0 evkjyb00']"}
  (Session info: chrome=88.0.4324.182)
For documentation on this error, please visit: https://www.seleniumhq.org/exceptions/no_such_element.html
Build info: version: '3.141.59', revision: 'e82be7d358', time: '2018-11-14T08:17:03'
System info: host: 'PREYAL', ip: '192.168.25.1', os.name: 'Windows 10', os.arch: 'amd64', os.version: '10.0', java.version: '1.8.0_281'
Driver info: org.openqa.selenium.chrome.ChromeDriver
Capabilities {acceptInsecureCerts: false, browserName: chrome, browserVersion: 88.0.4324.182, chrome: {chromedriverVersion: 87.0.4280.88 (89e2380a3e36c..., userDataDir: C:\WINDOWS\TEMP\scoped_dir1...}, goog:chromeOptions: {debuggerAddress: localhost:63352}, javascriptEnabled: true, networkConnectionEnabled: false, pageLoadStrategy: normal, platform: WINDOWS, platformName: WINDOWS, proxy: Proxy(), setWindowRect: true, strictFileInteractability: false, timeouts: {implicit: 0, pageLoad: 300000, script: 30000}, unhandledPromptBehavior: dismiss and notify, webauthn:virtualAuthenticators: true}
Session ID: e67690d7d7ddee73f8e54e0dca1fbf1a
*** Element info: {Using=xpath, value=//a[@class='css-1xh2uh0 evkjyb00']}
at sun.reflect.NativeConstructorAccessorImpl.newInstance0(Native Method)
at sun.reflect.NativeConstructorAccessorImpl.newInstance(Unknown Source)
at sun.reflect.DelegatingConstructorAccessorImpl.newInstance(Unknown Source)
at java.lang.reflect.Constructor.newInstance(Unknown Source)
at org.openqa.selenium.remote.http.W3CHttpResponseCodec.createException(W3CHttpResponseCodec.java:187)
at org.openqa.selenium.remote.http.W3CHttpResponseCodec.decode(W3CHttpResponseCodec.java:122)
at org.openqa.selenium.remote.http.W3CHttpResponseCodec.decode(W3CHttpResponseCodec.java:49)
at org.openqa.selenium.remote.HttpCommandExecutor.execute(HttpCommandExecutor.java:158)
at org.openqa.selenium.remote.service.DriverCommandExecutor.execute(DriverCommandExecutor.java:83)
at org.openqa.selenium.remote.RemoteWebDriver.execute(RemoteWebDriver.java:552)
at org.openqa.selenium.remote.RemoteWebDriver.findElement(RemoteWebDriver.java:323)
at org.openqa.selenium.remote.RemoteWebDriver.findElementByXPath(RemoteWebDriver.java:428)
at org.openqa.selenium.By$ByXPath.findElement(By.java:353)
at org.openqa.selenium.remote.RemoteWebDriver.findElement(RemoteWebDriver.java:315)
at sun.reflect.GeneratedMethodAccessor4.invoke(Unknown Source)
at sun.reflect.DelegatingMethodAccessorImpl.invoke(Unknown Source)
at java.lang.reflect.Method.invoke(Unknown Source)
at org.openqa.selenium.support.events.EventFiringWebDriver.lambda$new$1(EventFiringWebDriver.java:105)
at com.sun.proxy.$Proxy4.findElement(Unknown Source)
at org.openqa.selenium.support.events.EventFiringWebDriver.findElement(EventFiringWebDriver.java:194)
at org.openqa.selenium.support.pagefactory.DefaultElementLocator.findElement(DefaultElementLocator.java:69)
at org.openqa.selenium.support.pagefactory.internal.LocatingElementHandler.invoke(LocatingElementHandler.java:38)
at com.sun.proxy.$Proxy8.click(Unknown Source)
at com.WalmartPages.HomePageWalmart.GoToRegistrationPage(HomePageWalmart.java:101)
at com.WalmartTestCases.TestRegistrationWalmart.registrationFirstName_Test2(TestRegistrationWalmart.java:39)
at sun.reflect.NativeMethodAccessorImpl.invoke0(Native Method)
at sun.reflect.NativeMethodAccessorImpl.invoke(Unknown Source)
at sun.reflect.DelegatingMethodAccessorImpl.invoke(Unknown Source)
at java.lang.reflect.Method.invoke(Unknown Source)
at org.testng.internal.MethodInvocationHelper.invokeMethod(MethodInvocationHelper.java:132)
at org.testng.internal.TestInvoker.invokeMethod(TestInvoker.java:599)
at org.testng.internal.TestInvoker.invokeTestMethod(TestInvoker.java:174)
at org.testng.internal.MethodRunner.runInSequence(MethodRunner.java:46)
at org.testng.internal.TestInvoker$MethodInvocationAgent.invoke(TestInvoker.java:822)
at org.testng.internal.TestInvoker.invokeTestMethods(TestInvoker.java:147)
at org.testng.internal.TestMethodWorker.invokeTestMethods(TestMethodWorker.java:146)
at org.testng.internal.TestMethodWorker.run(TestMethodWorker.java:128)
at java.util.ArrayList.forEach(Unknown Source)
at org.testng.TestRunner.privateRun(TestRunner.java:764)
at org.testng.TestRunner.run(TestRunner.java:585)
at org.testng.SuiteRunner.runTest(SuiteRunner.java:384)
at org.testng.SuiteRunner.runSequentially(SuiteRunner.java:378)
at org.testng.SuiteRunner.privateRun(SuiteRunner.java:337)
at org.testng.SuiteRunner.run(SuiteRunner.java:286)
at org.testng.SuiteRunnerWorker.runSuite(SuiteRunnerWorker.java:53)
at org.testng.SuiteRunnerWorker.run(SuiteRunnerWorker.java:96)
at org.testng.TestNG.runSuitesSequentially(TestNG.java:1218)
at org.testng.TestNG.runSuitesLocally(TestNG.java:1140)
at org.testng.TestNG.runSuites(TestNG.java:1069)
at org.testng.TestNG.run(TestNG.java:1037)
at org.apache.maven.surefire.testng.TestNGExecutor.run(TestNGExecutor.java:77)
at org.apache.maven.surefire.testng.TestNGDirectoryTestSuite.executeMulti(TestNGDirectoryTestSuite.java:159)
at org.apache.maven.surefire.testng.TestNGDirectoryTestSuite.execute(TestNGDirectoryTestSuite.java:99)
at org.apache.maven.surefire.testng.TestNGProvider.invoke(TestNGProvider.java:106)
at sun.reflect.NativeMethodAccessorImpl.invoke0(Native Method)
at sun.reflect.NativeMethodAccessorImpl.invoke(Unknown Source)
at sun.reflect.DelegatingMethodAccessorImpl.invoke(Unknown Source)
at java.lang.reflect.Method.invoke(Unknown Source)
at org.apache.maven.surefire.util.ReflectionUtils.invokeMethodWithArray(ReflectionUtils.java:189)
at org.apache.maven.surefire.booter.ProviderFactory$ProviderProxy.invoke(ProviderFactory.java:165)
at org.apache.maven.surefire.booter.ProviderFactory.invokeProvider(ProviderFactory.java:85)
at org.apache.maven.surefire.booter.ForkedBooter.runSuitesInProcess(ForkedBooter.java:115)
at org.apache.maven.surefire.booter.ForkedBooter.main(ForkedBooter.java:75)
]]>
            </full-stacktrace>
          </exception> <!-- org.openqa.selenium.NoSuchElementException -->
          <reporter-output>
          </reporter-output>
        </test-method> <!-- registrationFirstName_Test2 -->
        <test-method status="PASS" signature="satup()[pri:0, instance:com.WalmartTestCases.TestRegistrationWalmart@490ab905]" name="satup" is-config="true" duration-ms="9477" started-at="2021-02-24T16:53:56 EST" finished-at="2021-02-24T16:54:06 EST">
          <reporter-output>
          </reporter-output>
        </test-method> <!-- satup -->
        <test-method status="FAIL" signature="registrationFirstName_Test3()[pri:0, instance:com.WalmartTestCases.TestRegistrationWalmart@490ab905]" name="registrationFirstName_Test3" duration-ms="30070" started-at="2021-02-24T16:54:06 EST" finished-at="2021-02-24T16:54:36 EST">
          <exception class="org.openqa.selenium.NoSuchElementException">
            <message>
              <![CDATA[no such element: Unable to locate element: {"method":"xpath","selector":"//a[@class='css-1xh2uh0 evkjyb00']"}
  (Session info: chrome=88.0.4324.182)
For documentation on this error, please visit: https://www.seleniumhq.org/exceptions/no_such_element.html
Build info: version: '3.141.59', revision: 'e82be7d358', time: '2018-11-14T08:17:03'
System info: host: 'PREYAL', ip: '192.168.25.1', os.name: 'Windows 10', os.arch: 'amd64', os.version: '10.0', java.version: '1.8.0_281'
Driver info: org.openqa.selenium.chrome.ChromeDriver
Capabilities {acceptInsecureCerts: false, browserName: chrome, browserVersion: 88.0.4324.182, chrome: {chromedriverVersion: 87.0.4280.88 (89e2380a3e36c..., userDataDir: C:\WINDOWS\TEMP\scoped_dir2...}, goog:chromeOptions: {debuggerAddress: localhost:63666}, javascriptEnabled: true, networkConnectionEnabled: false, pageLoadStrategy: normal, platform: WINDOWS, platformName: WINDOWS, proxy: Proxy(), setWindowRect: true, strictFileInteractability: false, timeouts: {implicit: 0, pageLoad: 300000, script: 30000}, unhandledPromptBehavior: dismiss and notify, webauthn:virtualAuthenticators: true}
Session ID: 4904d99526fd0eca4ebef2bf42b1ef2c
*** Element info: {Using=xpath, value=//a[@class='css-1xh2uh0 evkjyb00']}]]>
            </message>
            <full-stacktrace>
              <![CDATA[org.openqa.selenium.NoSuchElementException: no such element: Unable to locate element: {"method":"xpath","selector":"//a[@class='css-1xh2uh0 evkjyb00']"}
  (Session info: chrome=88.0.4324.182)
For documentation on this error, please visit: https://www.seleniumhq.org/exceptions/no_such_element.html
Build info: version: '3.141.59', revision: 'e82be7d358', time: '2018-11-14T08:17:03'
System info: host: 'PREYAL', ip: '192.168.25.1', os.name: 'Windows 10', os.arch: 'amd64', os.version: '10.0', java.version: '1.8.0_281'
Driver info: org.openqa.selenium.chrome.ChromeDriver
Capabilities {acceptInsecureCerts: false, browserName: chrome, browserVersion: 88.0.4324.182, chrome: {chromedriverVersion: 87.0.4280.88 (89e2380a3e36c..., userDataDir: C:\WINDOWS\TEMP\scoped_dir2...}, goog:chromeOptions: {debuggerAddress: localhost:63666}, javascriptEnabled: true, networkConnectionEnabled: false, pageLoadStrategy: normal, platform: WINDOWS, platformName: WINDOWS, proxy: Proxy(), setWindowRect: true, strictFileInteractability: false, timeouts: {implicit: 0, pageLoad: 300000, script: 30000}, unhandledPromptBehavior: dismiss and notify, webauthn:virtualAuthenticators: true}
Session ID: 4904d99526fd0eca4ebef2bf42b1ef2c
*** Element info: {Using=xpath, value=//a[@class='css-1xh2uh0 evkjyb00']}
at sun.reflect.NativeConstructorAccessorImpl.newInstance0(Native Method)
at sun.reflect.NativeConstructorAccessorImpl.newInstance(Unknown Source)
at sun.reflect.DelegatingConstructorAccessorImpl.newInstance(Unknown Source)
at java.lang.reflect.Constructor.newInstance(Unknown Source)
at org.openqa.selenium.remote.http.W3CHttpResponseCodec.createException(W3CHttpResponseCodec.java:187)
at org.openqa.selenium.remote.http.W3CHttpResponseCodec.decode(W3CHttpResponseCodec.java:122)
at org.openqa.selenium.remote.http.W3CHttpResponseCodec.decode(W3CHttpResponseCodec.java:49)
at org.openqa.selenium.remote.HttpCommandExecutor.execute(HttpCommandExecutor.java:158)
at org.openqa.selenium.remote.service.DriverCommandExecutor.execute(DriverCommandExecutor.java:83)
at org.openqa.selenium.remote.RemoteWebDriver.execute(RemoteWebDriver.java:552)
at org.openqa.selenium.remote.RemoteWebDriver.findElement(RemoteWebDriver.java:323)
at org.openqa.selenium.remote.RemoteWebDriver.findElementByXPath(RemoteWebDriver.java:428)
at org.openqa.selenium.By$ByXPath.findElement(By.java:353)
at org.openqa.selenium.remote.RemoteWebDriver.findElement(RemoteWebDriver.java:315)
at sun.reflect.GeneratedMethodAccessor4.invoke(Unknown Source)
at sun.reflect.DelegatingMethodAccessorImpl.invoke(Unknown Source)
at java.lang.reflect.Method.invoke(Unknown Source)
at org.openqa.selenium.support.events.EventFiringWebDriver.lambda$new$1(EventFiringWebDriver.java:105)
at com.sun.proxy.$Proxy4.findElement(Unknown Source)
at org.openqa.selenium.support.events.EventFiringWebDriver.findElement(EventFiringWebDriver.java:194)
at org.openqa.selenium.support.pagefactory.DefaultElementLocator.findElement(DefaultElementLocator.java:69)
at org.openqa.selenium.support.pagefactory.internal.LocatingElementHandler.invoke(LocatingElementHandler.java:38)
at com.sun.proxy.$Proxy8.click(Unknown Source)
at com.WalmartPages.HomePageWalmart.GoToRegistrationPage(HomePageWalmart.java:101)
at com.WalmartTestCases.TestRegistrationWalmart.registrationFirstName_Test3(TestRegistrationWalmart.java:47)
at sun.reflect.NativeMethodAccessorImpl.invoke0(Native Method)
at sun.reflect.NativeMethodAccessorImpl.invoke(Unknown Source)
at sun.reflect.DelegatingMethodAccessorImpl.invoke(Unknown Source)
at java.lang.reflect.Method.invoke(Unknown Source)
at org.testng.internal.MethodInvocationHelper.invokeMethod(MethodInvocationHelper.java:132)
at org.testng.internal.TestInvoker.invokeMethod(TestInvoker.java:599)
at org.testng.internal.TestInvoker.invokeTestMethod(TestInvoker.java:174)
at org.testng.internal.MethodRunner.runInSequence(MethodRunner.java:46)
at org.testng.internal.TestInvoker$MethodInvocationAgent.invoke(TestInvoker.java:822)
at org.testng.internal.TestInvoker.invokeTestMethods(TestInvoker.java:147)
at org.testng.internal.TestMethodWorker.invokeTestMethods(TestMethodWorker.java:146)
at org.testng.internal.TestMethodWorker.run(TestMethodWorker.java:128)
at java.util.ArrayList.forEach(Unknown Source)
at org.testng.TestRunner.privateRun(TestRunner.java:764)
at org.testng.TestRunner.run(TestRunner.java:585)
at org.testng.SuiteRunner.runTest(SuiteRunner.java:384)
at org.testng.SuiteRunner.runSequentially(SuiteRunner.java:378)
at org.testng.SuiteRunner.privateRun(SuiteRunner.java:337)
at org.testng.SuiteRunner.run(SuiteRunner.java:286)
at org.testng.SuiteRunnerWorker.runSuite(SuiteRunnerWorker.java:53)
at org.testng.SuiteRunnerWorker.run(SuiteRunnerWorker.java:96)
at org.testng.TestNG.runSuitesSequentially(TestNG.java:1218)
at org.testng.TestNG.runSuitesLocally(TestNG.java:1140)
at org.testng.TestNG.runSuites(TestNG.java:1069)
at org.testng.TestNG.run(TestNG.java:1037)
at org.apache.maven.surefire.testng.TestNGExecutor.run(TestNGExecutor.java:77)
at org.apache.maven.surefire.testng.TestNGDirectoryTestSuite.executeMulti(TestNGDirectoryTestSuite.java:159)
at org.apache.maven.surefire.testng.TestNGDirectoryTestSuite.execute(TestNGDirectoryTestSuite.java:99)
at org.apache.maven.surefire.testng.TestNGProvider.invoke(TestNGProvider.java:106)
at sun.reflect.NativeMethodAccessorImpl.invoke0(Native Method)
at sun.reflect.NativeMethodAccessorImpl.invoke(Unknown Source)
at sun.reflect.DelegatingMethodAccessorImpl.invoke(Unknown Source)
at java.lang.reflect.Method.invoke(Unknown Source)
at org.apache.maven.surefire.util.ReflectionUtils.invokeMethodWithArray(ReflectionUtils.java:189)
at org.apache.maven.surefire.booter.ProviderFactory$ProviderProxy.invoke(ProviderFactory.java:165)
at org.apache.maven.surefire.booter.ProviderFactory.invokeProvider(ProviderFactory.java:85)
at org.apache.maven.surefire.booter.ForkedBooter.runSuitesInProcess(ForkedBooter.java:115)
at org.apache.maven.surefire.booter.ForkedBooter.main(ForkedBooter.java:75)
]]>
            </full-stacktrace>
          </exception> <!-- org.openqa.selenium.NoSuchElementException -->
          <reporter-output>
          </reporter-output>
        </test-method> <!-- registrationFirstName_Test3 -->
        <test-method status="PASS" signature="satup()[pri:0, instance:com.WalmartTestCases.TestRegistrationWalmart@490ab905]" name="satup" is-config="true" duration-ms="12603" started-at="2021-02-24T16:54:36 EST" finished-at="2021-02-24T16:54:48 EST">
          <reporter-output>
          </reporter-output>
        </test-method> <!-- satup -->
        <test-method status="FAIL" signature="registrationFirstName_Test4()[pri:0, instance:com.WalmartTestCases.TestRegistrationWalmart@490ab905]" name="registrationFirstName_Test4" duration-ms="30101" started-at="2021-02-24T16:54:48 EST" finished-at="2021-02-24T16:55:19 EST">
          <exception class="org.openqa.selenium.NoSuchElementException">
            <message>
              <![CDATA[no such element: Unable to locate element: {"method":"xpath","selector":"//a[@class='css-1xh2uh0 evkjyb00']"}
  (Session info: chrome=88.0.4324.182)
For documentation on this error, please visit: https://www.seleniumhq.org/exceptions/no_such_element.html
Build info: version: '3.141.59', revision: 'e82be7d358', time: '2018-11-14T08:17:03'
System info: host: 'PREYAL', ip: '192.168.25.1', os.name: 'Windows 10', os.arch: 'amd64', os.version: '10.0', java.version: '1.8.0_281'
Driver info: org.openqa.selenium.chrome.ChromeDriver
Capabilities {acceptInsecureCerts: false, browserName: chrome, browserVersion: 88.0.4324.182, chrome: {chromedriverVersion: 87.0.4280.88 (89e2380a3e36c..., userDataDir: C:\WINDOWS\TEMP\scoped_dir3...}, goog:chromeOptions: {debuggerAddress: localhost:63963}, javascriptEnabled: true, networkConnectionEnabled: false, pageLoadStrategy: normal, platform: WINDOWS, platformName: WINDOWS, proxy: Proxy(), setWindowRect: true, strictFileInteractability: false, timeouts: {implicit: 0, pageLoad: 300000, script: 30000}, unhandledPromptBehavior: dismiss and notify, webauthn:virtualAuthenticators: true}
Session ID: 369e680170231f8ce1bc9284d20b9856
*** Element info: {Using=xpath, value=//a[@class='css-1xh2uh0 evkjyb00']}]]>
            </message>
            <full-stacktrace>
              <![CDATA[org.openqa.selenium.NoSuchElementException: no such element: Unable to locate element: {"method":"xpath","selector":"//a[@class='css-1xh2uh0 evkjyb00']"}
  (Session info: chrome=88.0.4324.182)
For documentation on this error, please visit: https://www.seleniumhq.org/exceptions/no_such_element.html
Build info: version: '3.141.59', revision: 'e82be7d358', time: '2018-11-14T08:17:03'
System info: host: 'PREYAL', ip: '192.168.25.1', os.name: 'Windows 10', os.arch: 'amd64', os.version: '10.0', java.version: '1.8.0_281'
Driver info: org.openqa.selenium.chrome.ChromeDriver
Capabilities {acceptInsecureCerts: false, browserName: chrome, browserVersion: 88.0.4324.182, chrome: {chromedriverVersion: 87.0.4280.88 (89e2380a3e36c..., userDataDir: C:\WINDOWS\TEMP\scoped_dir3...}, goog:chromeOptions: {debuggerAddress: localhost:63963}, javascriptEnabled: true, networkConnectionEnabled: false, pageLoadStrategy: normal, platform: WINDOWS, platformName: WINDOWS, proxy: Proxy(), setWindowRect: true, strictFileInteractability: false, timeouts: {implicit: 0, pageLoad: 300000, script: 30000}, unhandledPromptBehavior: dismiss and notify, webauthn:virtualAuthenticators: true}
Session ID: 369e680170231f8ce1bc9284d20b9856
*** Element info: {Using=xpath, value=//a[@class='css-1xh2uh0 evkjyb00']}
at sun.reflect.NativeConstructorAccessorImpl.newInstance0(Native Method)
at sun.reflect.NativeConstructorAccessorImpl.newInstance(Unknown Source)
at sun.reflect.DelegatingConstructorAccessorImpl.newInstance(Unknown Source)
at java.lang.reflect.Constructor.newInstance(Unknown Source)
at org.openqa.selenium.remote.http.W3CHttpResponseCodec.createException(W3CHttpResponseCodec.java:187)
at org.openqa.selenium.remote.http.W3CHttpResponseCodec.decode(W3CHttpResponseCodec.java:122)
at org.openqa.selenium.remote.http.W3CHttpResponseCodec.decode(W3CHttpResponseCodec.java:49)
at org.openqa.selenium.remote.HttpCommandExecutor.execute(HttpCommandExecutor.java:158)
at org.openqa.selenium.remote.service.DriverCommandExecutor.execute(DriverCommandExecutor.java:83)
at org.openqa.selenium.remote.RemoteWebDriver.execute(RemoteWebDriver.java:552)
at org.openqa.selenium.remote.RemoteWebDriver.findElement(RemoteWebDriver.java:323)
at org.openqa.selenium.remote.RemoteWebDriver.findElementByXPath(RemoteWebDriver.java:428)
at org.openqa.selenium.By$ByXPath.findElement(By.java:353)
at org.openqa.selenium.remote.RemoteWebDriver.findElement(RemoteWebDriver.java:315)
at sun.reflect.GeneratedMethodAccessor4.invoke(Unknown Source)
at sun.reflect.DelegatingMethodAccessorImpl.invoke(Unknown Source)
at java.lang.reflect.Method.invoke(Unknown Source)
at org.openqa.selenium.support.events.EventFiringWebDriver.lambda$new$1(EventFiringWebDriver.java:105)
at com.sun.proxy.$Proxy4.findElement(Unknown Source)
at org.openqa.selenium.support.events.EventFiringWebDriver.findElement(EventFiringWebDriver.java:194)
at org.openqa.selenium.support.pagefactory.DefaultElementLocator.findElement(DefaultElementLocator.java:69)
at org.openqa.selenium.support.pagefactory.internal.LocatingElementHandler.invoke(LocatingElementHandler.java:38)
at com.sun.proxy.$Proxy8.click(Unknown Source)
at com.WalmartPages.HomePageWalmart.GoToRegistrationPage(HomePageWalmart.java:101)
at com.WalmartTestCases.TestRegistrationWalmart.registrationFirstName_Test4(TestRegistrationWalmart.java:55)
at sun.reflect.NativeMethodAccessorImpl.invoke0(Native Method)
at sun.reflect.NativeMethodAccessorImpl.invoke(Unknown Source)
at sun.reflect.DelegatingMethodAccessorImpl.invoke(Unknown Source)
at java.lang.reflect.Method.invoke(Unknown Source)
at org.testng.internal.MethodInvocationHelper.invokeMethod(MethodInvocationHelper.java:132)
at org.testng.internal.TestInvoker.invokeMethod(TestInvoker.java:599)
at org.testng.internal.TestInvoker.invokeTestMethod(TestInvoker.java:174)
at org.testng.internal.MethodRunner.runInSequence(MethodRunner.java:46)
at org.testng.internal.TestInvoker$MethodInvocationAgent.invoke(TestInvoker.java:822)
at org.testng.internal.TestInvoker.invokeTestMethods(TestInvoker.java:147)
at org.testng.internal.TestMethodWorker.invokeTestMethods(TestMethodWorker.java:146)
at org.testng.internal.TestMethodWorker.run(TestMethodWorker.java:128)
at java.util.ArrayList.forEach(Unknown Source)
at org.testng.TestRunner.privateRun(TestRunner.java:764)
at org.testng.TestRunner.run(TestRunner.java:585)
at org.testng.SuiteRunner.runTest(SuiteRunner.java:384)
at org.testng.SuiteRunner.runSequentially(SuiteRunner.java:378)
at org.testng.SuiteRunner.privateRun(SuiteRunner.java:337)
at org.testng.SuiteRunner.run(SuiteRunner.java:286)
at org.testng.SuiteRunnerWorker.runSuite(SuiteRunnerWorker.java:53)
at org.testng.SuiteRunnerWorker.run(SuiteRunnerWorker.java:96)
at org.testng.TestNG.runSuitesSequentially(TestNG.java:1218)
at org.testng.TestNG.runSuitesLocally(TestNG.java:1140)
at org.testng.TestNG.runSuites(TestNG.java:1069)
at org.testng.TestNG.run(TestNG.java:1037)
at org.apache.maven.surefire.testng.TestNGExecutor.run(TestNGExecutor.java:77)
at org.apache.maven.surefire.testng.TestNGDirectoryTestSuite.executeMulti(TestNGDirectoryTestSuite.java:159)
at org.apache.maven.surefire.testng.TestNGDirectoryTestSuite.execute(TestNGDirectoryTestSuite.java:99)
at org.apache.maven.surefire.testng.TestNGProvider.invoke(TestNGProvider.java:106)
at sun.reflect.NativeMethodAccessorImpl.invoke0(Native Method)
at sun.reflect.NativeMethodAccessorImpl.invoke(Unknown Source)
at sun.reflect.DelegatingMethodAccessorImpl.invoke(Unknown Source)
at java.lang.reflect.Method.invoke(Unknown Source)
at org.apache.maven.surefire.util.ReflectionUtils.invokeMethodWithArray(ReflectionUtils.java:189)
at org.apache.maven.surefire.booter.ProviderFactory$ProviderProxy.invoke(ProviderFactory.java:165)
at org.apache.maven.surefire.booter.ProviderFactory.invokeProvider(ProviderFactory.java:85)
at org.apache.maven.surefire.booter.ForkedBooter.runSuitesInProcess(ForkedBooter.java:115)
at org.apache.maven.surefire.booter.ForkedBooter.main(ForkedBooter.java:75)
]]>
            </full-stacktrace>
          </exception> <!-- org.openqa.selenium.NoSuchElementException -->
          <reporter-output>
          </reporter-output>
        </test-method> <!-- registrationFirstName_Test4 -->
        <test-method status="PASS" signature="satup()[pri:0, instance:com.WalmartTestCases.TestRegistrationWalmart@490ab905]" name="satup" is-config="true" duration-ms="10824" started-at="2021-02-24T16:55:19 EST" finished-at="2021-02-24T16:55:29 EST">
          <reporter-output>
          </reporter-output>
        </test-method> <!-- satup -->
        <test-method status="FAIL" signature="registrationFirstName_Test5()[pri:0, instance:com.WalmartTestCases.TestRegistrationWalmart@490ab905]" name="registrationFirstName_Test5" duration-ms="30062" started-at="2021-02-24T16:55:29 EST" finished-at="2021-02-24T16:55:59 EST">
          <exception class="org.openqa.selenium.NoSuchElementException">
            <message>
              <![CDATA[no such element: Unable to locate element: {"method":"xpath","selector":"//a[@class='css-1xh2uh0 evkjyb00']"}
  (Session info: chrome=88.0.4324.182)
For documentation on this error, please visit: https://www.seleniumhq.org/exceptions/no_such_element.html
Build info: version: '3.141.59', revision: 'e82be7d358', time: '2018-11-14T08:17:03'
System info: host: 'PREYAL', ip: '192.168.25.1', os.name: 'Windows 10', os.arch: 'amd64', os.version: '10.0', java.version: '1.8.0_281'
Driver info: org.openqa.selenium.chrome.ChromeDriver
Capabilities {acceptInsecureCerts: false, browserName: chrome, browserVersion: 88.0.4324.182, chrome: {chromedriverVersion: 87.0.4280.88 (89e2380a3e36c..., userDataDir: C:\WINDOWS\TEMP\scoped_dir1...}, goog:chromeOptions: {debuggerAddress: localhost:64305}, javascriptEnabled: true, networkConnectionEnabled: false, pageLoadStrategy: normal, platform: WINDOWS, platformName: WINDOWS, proxy: Proxy(), setWindowRect: true, strictFileInteractability: false, timeouts: {implicit: 0, pageLoad: 300000, script: 30000}, unhandledPromptBehavior: dismiss and notify, webauthn:virtualAuthenticators: true}
Session ID: 848e2fdd495c7ac72e920f08605455c9
*** Element info: {Using=xpath, value=//a[@class='css-1xh2uh0 evkjyb00']}]]>
            </message>
            <full-stacktrace>
              <![CDATA[org.openqa.selenium.NoSuchElementException: no such element: Unable to locate element: {"method":"xpath","selector":"//a[@class='css-1xh2uh0 evkjyb00']"}
  (Session info: chrome=88.0.4324.182)
For documentation on this error, please visit: https://www.seleniumhq.org/exceptions/no_such_element.html
Build info: version: '3.141.59', revision: 'e82be7d358', time: '2018-11-14T08:17:03'
System info: host: 'PREYAL', ip: '192.168.25.1', os.name: 'Windows 10', os.arch: 'amd64', os.version: '10.0', java.version: '1.8.0_281'
Driver info: org.openqa.selenium.chrome.ChromeDriver
Capabilities {acceptInsecureCerts: false, browserName: chrome, browserVersion: 88.0.4324.182, chrome: {chromedriverVersion: 87.0.4280.88 (89e2380a3e36c..., userDataDir: C:\WINDOWS\TEMP\scoped_dir1...}, goog:chromeOptions: {debuggerAddress: localhost:64305}, javascriptEnabled: true, networkConnectionEnabled: false, pageLoadStrategy: normal, platform: WINDOWS, platformName: WINDOWS, proxy: Proxy(), setWindowRect: true, strictFileInteractability: false, timeouts: {implicit: 0, pageLoad: 300000, script: 30000}, unhandledPromptBehavior: dismiss and notify, webauthn:virtualAuthenticators: true}
Session ID: 848e2fdd495c7ac72e920f08605455c9
*** Element info: {Using=xpath, value=//a[@class='css-1xh2uh0 evkjyb00']}
at sun.reflect.NativeConstructorAccessorImpl.newInstance0(Native Method)
at sun.reflect.NativeConstructorAccessorImpl.newInstance(Unknown Source)
at sun.reflect.DelegatingConstructorAccessorImpl.newInstance(Unknown Source)
at java.lang.reflect.Constructor.newInstance(Unknown Source)
at org.openqa.selenium.remote.http.W3CHttpResponseCodec.createException(W3CHttpResponseCodec.java:187)
at org.openqa.selenium.remote.http.W3CHttpResponseCodec.decode(W3CHttpResponseCodec.java:122)
at org.openqa.selenium.remote.http.W3CHttpResponseCodec.decode(W3CHttpResponseCodec.java:49)
at org.openqa.selenium.remote.HttpCommandExecutor.execute(HttpCommandExecutor.java:158)
at org.openqa.selenium.remote.service.DriverCommandExecutor.execute(DriverCommandExecutor.java:83)
at org.openqa.selenium.remote.RemoteWebDriver.execute(RemoteWebDriver.java:552)
at org.openqa.selenium.remote.RemoteWebDriver.findElement(RemoteWebDriver.java:323)
at org.openqa.selenium.remote.RemoteWebDriver.findElementByXPath(RemoteWebDriver.java:428)
at org.openqa.selenium.By$ByXPath.findElement(By.java:353)
at org.openqa.selenium.remote.RemoteWebDriver.findElement(RemoteWebDriver.java:315)
at sun.reflect.GeneratedMethodAccessor4.invoke(Unknown Source)
at sun.reflect.DelegatingMethodAccessorImpl.invoke(Unknown Source)
at java.lang.reflect.Method.invoke(Unknown Source)
at org.openqa.selenium.support.events.EventFiringWebDriver.lambda$new$1(EventFiringWebDriver.java:105)
at com.sun.proxy.$Proxy4.findElement(Unknown Source)
at org.openqa.selenium.support.events.EventFiringWebDriver.findElement(EventFiringWebDriver.java:194)
at org.openqa.selenium.support.pagefactory.DefaultElementLocator.findElement(DefaultElementLocator.java:69)
at org.openqa.selenium.support.pagefactory.internal.LocatingElementHandler.invoke(LocatingElementHandler.java:38)
at com.sun.proxy.$Proxy8.click(Unknown Source)
at com.WalmartPages.HomePageWalmart.GoToRegistrationPage(HomePageWalmart.java:101)
at com.WalmartTestCases.TestRegistrationWalmart.registrationFirstName_Test5(TestRegistrationWalmart.java:63)
at sun.reflect.NativeMethodAccessorImpl.invoke0(Native Method)
at sun.reflect.NativeMethodAccessorImpl.invoke(Unknown Source)
at sun.reflect.DelegatingMethodAccessorImpl.invoke(Unknown Source)
at java.lang.reflect.Method.invoke(Unknown Source)
at org.testng.internal.MethodInvocationHelper.invokeMethod(MethodInvocationHelper.java:132)
at org.testng.internal.TestInvoker.invokeMethod(TestInvoker.java:599)
at org.testng.internal.TestInvoker.invokeTestMethod(TestInvoker.java:174)
at org.testng.internal.MethodRunner.runInSequence(MethodRunner.java:46)
at org.testng.internal.TestInvoker$MethodInvocationAgent.invoke(TestInvoker.java:822)
at org.testng.internal.TestInvoker.invokeTestMethods(TestInvoker.java:147)
at org.testng.internal.TestMethodWorker.invokeTestMethods(TestMethodWorker.java:146)
at org.testng.internal.TestMethodWorker.run(TestMethodWorker.java:128)
at java.util.ArrayList.forEach(Unknown Source)
at org.testng.TestRunner.privateRun(TestRunner.java:764)
at org.testng.TestRunner.run(TestRunner.java:585)
at org.testng.SuiteRunner.runTest(SuiteRunner.java:384)
at org.testng.SuiteRunner.runSequentially(SuiteRunner.java:378)
at org.testng.SuiteRunner.privateRun(SuiteRunner.java:337)
at org.testng.SuiteRunner.run(SuiteRunner.java:286)
at org.testng.SuiteRunnerWorker.runSuite(SuiteRunnerWorker.java:53)
at org.testng.SuiteRunnerWorker.run(SuiteRunnerWorker.java:96)
at org.testng.TestNG.runSuitesSequentially(TestNG.java:1218)
at org.testng.TestNG.runSuitesLocally(TestNG.java:1140)
at org.testng.TestNG.runSuites(TestNG.java:1069)
at org.testng.TestNG.run(TestNG.java:1037)
at org.apache.maven.surefire.testng.TestNGExecutor.run(TestNGExecutor.java:77)
at org.apache.maven.surefire.testng.TestNGDirectoryTestSuite.executeMulti(TestNGDirectoryTestSuite.java:159)
at org.apache.maven.surefire.testng.TestNGDirectoryTestSuite.execute(TestNGDirectoryTestSuite.java:99)
at org.apache.maven.surefire.testng.TestNGProvider.invoke(TestNGProvider.java:106)
at sun.reflect.NativeMethodAccessorImpl.invoke0(Native Method)
at sun.reflect.NativeMethodAccessorImpl.invoke(Unknown Source)
at sun.reflect.DelegatingMethodAccessorImpl.invoke(Unknown Source)
at java.lang.reflect.Method.invoke(Unknown Source)
at org.apache.maven.surefire.util.ReflectionUtils.invokeMethodWithArray(ReflectionUtils.java:189)
at org.apache.maven.surefire.booter.ProviderFactory$ProviderProxy.invoke(ProviderFactory.java:165)
at org.apache.maven.surefire.booter.ProviderFactory.invokeProvider(ProviderFactory.java:85)
at org.apache.maven.surefire.booter.ForkedBooter.runSuitesInProcess(ForkedBooter.java:115)
at org.apache.maven.surefire.booter.ForkedBooter.main(ForkedBooter.java:75)
]]>
            </full-stacktrace>
          </exception> <!-- org.openqa.selenium.NoSuchElementException -->
          <reporter-output>
          </reporter-output>
        </test-method> <!-- registrationFirstName_Test5 -->
        <test-method status="FAIL" signature="satup()[pri:0, instance:com.WalmartTestCases.TestRegistrationWalmart@490ab905]" name="satup" is-config="true" duration-ms="604160" started-at="2021-02-24T16:55:59 EST" finished-at="2021-02-24T17:06:04 EST">
          <exception class="org.openqa.selenium.SessionNotCreatedException">
            <message>
              <![CDATA[session not created
from timeout: Timed out receiving message from renderer: 600.000
  (Session info: chrome=88.0.4324.182)
Build info: version: '3.141.59', revision: 'e82be7d358', time: '2018-11-14T08:17:03'
System info: host: 'PREYAL', ip: '192.168.25.1', os.name: 'Windows 10', os.arch: 'amd64', os.version: '10.0', java.version: '1.8.0_281'
Driver info: driver.version: ChromeDriver
remote stacktrace: Backtrace:
Ordinal0 [0x005BC0C3+3326147]
Ordinal0 [0x004A0851+2164817]
Ordinal0 [0x00327298+619160]
Ordinal0 [0x0031B17F+569727]
Ordinal0 [0x0031A421+566305]
Ordinal0 [0x0031A815+567317]
Ordinal0 [0x0031A135+565557]
Ordinal0 [0x003238B1+604337]
Ordinal0 [0x0031A0F1+565489]
Ordinal0 [0x0031AEA2+568994]
Ordinal0 [0x0031A421+566305]
Ordinal0 [0x0031A815+567317]
Ordinal0 [0x0031A135+565557]
Ordinal0 [0x00321D2C+597292]
Ordinal0 [0x0031A0F1+565489]
Ordinal0 [0x0031AEA2+568994]
Ordinal0 [0x0031A421+566305]
Ordinal0 [0x0031A815+567317]
Ordinal0 [0x0031A135+565557]
Ordinal0 [0x0031FE62+589410]
Ordinal0 [0x0031A0F1+565489]
Ordinal0 [0x0031AEA2+568994]
Ordinal0 [0x0031A421+566305]
Ordinal0 [0x0031A815+567317]
Ordinal0 [0x0031A135+565557]
Ordinal0 [0x0031F075+585845]
Ordinal0 [0x0031A0F1+565489]
Ordinal0 [0x0031AEA2+568994]
Ordinal0 [0x0031A421+566305]
Ordinal0 [0x0031A815+567317]
Ordinal0 [0x0031A135+565557]
Ordinal0 [0x00316776+550774]
Ordinal0 [0x0031A0F1+565489]
Ordinal0 [0x00319F13+565011]
Ordinal0 [0x00319D07+564487]
Ordinal0 [0x003282C0+623296]
Ordinal0 [0x002C6BDD+224221]
Ordinal0 [0x002C5CAC+220332]
Ordinal0 [0x002C189B+202907]
Ordinal0 [0x002A3DF4+81396]
Ordinal0 [0x002A4DEE+85486]
Ordinal0 [0x002A4D79+85369]
Ordinal0 [0x004B85DC+2262492]
GetHandleVerifier [0x00742874+1487204]
GetHandleVerifier [0x007423CD+1486013]
GetHandleVerifier [0x0074A368+1518680]
GetHandleVerifier [0x00742F4E+1488958]
Ordinal0 [0x004AED0D+2223373]
Ordinal0 [0x004BA12B+2269483]
Ordinal0 [0x004BA26F+2269807]
Ordinal0 [0x004CECB8+2354360]
BaseThreadInitThunk [0x75516359+25]
RtlGetAppContainerNamedObjectPath [0x77D38944+228]
RtlGetAppContainerNamedObjectPath [0x77D38914+180]
]]>
            </message>
            <full-stacktrace>
              <![CDATA[org.openqa.selenium.SessionNotCreatedException: session not created
from timeout: Timed out receiving message from renderer: 600.000
  (Session info: chrome=88.0.4324.182)
Build info: version: '3.141.59', revision: 'e82be7d358', time: '2018-11-14T08:17:03'
System info: host: 'PREYAL', ip: '192.168.25.1', os.name: 'Windows 10', os.arch: 'amd64', os.version: '10.0', java.version: '1.8.0_281'
Driver info: driver.version: ChromeDriver
remote stacktrace: Backtrace:
Ordinal0 [0x005BC0C3+3326147]
Ordinal0 [0x004A0851+2164817]
Ordinal0 [0x00327298+619160]
Ordinal0 [0x0031B17F+569727]
Ordinal0 [0x0031A421+566305]
Ordinal0 [0x0031A815+567317]
Ordinal0 [0x0031A135+565557]
Ordinal0 [0x003238B1+604337]
Ordinal0 [0x0031A0F1+565489]
Ordinal0 [0x0031AEA2+568994]
Ordinal0 [0x0031A421+566305]
Ordinal0 [0x0031A815+567317]
Ordinal0 [0x0031A135+565557]
Ordinal0 [0x00321D2C+597292]
Ordinal0 [0x0031A0F1+565489]
Ordinal0 [0x0031AEA2+568994]
Ordinal0 [0x0031A421+566305]
Ordinal0 [0x0031A815+567317]
Ordinal0 [0x0031A135+565557]
Ordinal0 [0x0031FE62+589410]
Ordinal0 [0x0031A0F1+565489]
Ordinal0 [0x0031AEA2+568994]
Ordinal0 [0x0031A421+566305]
Ordinal0 [0x0031A815+567317]
Ordinal0 [0x0031A135+565557]
Ordinal0 [0x0031F075+585845]
Ordinal0 [0x0031A0F1+565489]
Ordinal0 [0x0031AEA2+568994]
Ordinal0 [0x0031A421+566305]
Ordinal0 [0x0031A815+567317]
Ordinal0 [0x0031A135+565557]
Ordinal0 [0x00316776+550774]
Ordinal0 [0x0031A0F1+565489]
Ordinal0 [0x00319F13+565011]
Ordinal0 [0x00319D07+564487]
Ordinal0 [0x003282C0+623296]
Ordinal0 [0x002C6BDD+224221]
Ordinal0 [0x002C5CAC+220332]
Ordinal0 [0x002C189B+202907]
Ordinal0 [0x002A3DF4+81396]
Ordinal0 [0x002A4DEE+85486]
Ordinal0 [0x002A4D79+85369]
Ordinal0 [0x004B85DC+2262492]
GetHandleVerifier [0x00742874+1487204]
GetHandleVerifier [0x007423CD+1486013]
GetHandleVerifier [0x0074A368+1518680]
GetHandleVerifier [0x00742F4E+1488958]
Ordinal0 [0x004AED0D+2223373]
Ordinal0 [0x004BA12B+2269483]
Ordinal0 [0x004BA26F+2269807]
Ordinal0 [0x004CECB8+2354360]
BaseThreadInitThunk [0x75516359+25]
RtlGetAppContainerNamedObjectPath [0x77D38944+228]
RtlGetAppContainerNamedObjectPath [0x77D38914+180]

at sun.reflect.NativeConstructorAccessorImpl.newInstance0(Native Method)
at sun.reflect.NativeConstructorAccessorImpl.newInstance(Unknown Source)
at sun.reflect.DelegatingConstructorAccessorImpl.newInstance(Unknown Source)
at java.lang.reflect.Constructor.newInstance(Unknown Source)
at org.openqa.selenium.remote.W3CHandshakeResponse.lambda$errorHandler$0(W3CHandshakeResponse.java:62)
at org.openqa.selenium.remote.HandshakeResponse.lambda$getResponseFunction$0(HandshakeResponse.java:30)
at org.openqa.selenium.remote.ProtocolHandshake.lambda$createSession$0(ProtocolHandshake.java:126)
at java.util.stream.ReferencePipeline$3$1.accept(Unknown Source)
at java.util.Spliterators$ArraySpliterator.tryAdvance(Unknown Source)
at java.util.stream.ReferencePipeline.forEachWithCancel(Unknown Source)
at java.util.stream.AbstractPipeline.copyIntoWithCancel(Unknown Source)
at java.util.stream.AbstractPipeline.copyInto(Unknown Source)
at java.util.stream.AbstractPipeline.wrapAndCopyInto(Unknown Source)
at java.util.stream.FindOps$FindOp.evaluateSequential(Unknown Source)
at java.util.stream.AbstractPipeline.evaluate(Unknown Source)
at java.util.stream.ReferencePipeline.findFirst(Unknown Source)
at org.openqa.selenium.remote.ProtocolHandshake.createSession(ProtocolHandshake.java:128)
at org.openqa.selenium.remote.ProtocolHandshake.createSession(ProtocolHandshake.java:74)
at org.openqa.selenium.remote.HttpCommandExecutor.execute(HttpCommandExecutor.java:136)
at org.openqa.selenium.remote.service.DriverCommandExecutor.execute(DriverCommandExecutor.java:83)
at org.openqa.selenium.remote.RemoteWebDriver.execute(RemoteWebDriver.java:552)
at org.openqa.selenium.remote.RemoteWebDriver.startSession(RemoteWebDriver.java:213)
at org.openqa.selenium.remote.RemoteWebDriver.<init>(RemoteWebDriver.java:131)
at org.openqa.selenium.chrome.ChromeDriver.<init>(ChromeDriver.java:181)
at org.openqa.selenium.chrome.ChromeDriver.<init>(ChromeDriver.java:168)
at org.openqa.selenium.chrome.ChromeDriver.<init>(ChromeDriver.java:123)
at baseclass.BaseClassWalmart.initialization(BaseClassWalmart.java:44)
at com.WalmartTestCases.TestRegistrationWalmart.satup(TestRegistrationWalmart.java:27)
at sun.reflect.NativeMethodAccessorImpl.invoke0(Native Method)
at sun.reflect.NativeMethodAccessorImpl.invoke(Unknown Source)
at sun.reflect.DelegatingMethodAccessorImpl.invoke(Unknown Source)
at java.lang.reflect.Method.invoke(Unknown Source)
at org.testng.internal.MethodInvocationHelper.invokeMethod(MethodInvocationHelper.java:132)
at org.testng.internal.MethodInvocationHelper.invokeMethodConsideringTimeout(MethodInvocationHelper.java:61)
at org.testng.internal.ConfigInvoker.invokeConfigurationMethod(ConfigInvoker.java:366)
at org.testng.internal.ConfigInvoker.invokeConfigurations(ConfigInvoker.java:320)
at org.testng.internal.TestInvoker.runConfigMethods(TestInvoker.java:701)
at org.testng.internal.TestInvoker.invokeMethod(TestInvoker.java:527)
at org.testng.internal.TestInvoker.invokeTestMethod(TestInvoker.java:174)
at org.testng.internal.MethodRunner.runInSequence(MethodRunner.java:46)
at org.testng.internal.TestInvoker$MethodInvocationAgent.invoke(TestInvoker.java:822)
at org.testng.internal.TestInvoker.invokeTestMethods(TestInvoker.java:147)
at org.testng.internal.TestMethodWorker.invokeTestMethods(TestMethodWorker.java:146)
at org.testng.internal.TestMethodWorker.run(TestMethodWorker.java:128)
at java.util.ArrayList.forEach(Unknown Source)
at org.testng.TestRunner.privateRun(TestRunner.java:764)
at org.testng.TestRunner.run(TestRunner.java:585)
at org.testng.SuiteRunner.runTest(SuiteRunner.java:384)
at org.testng.SuiteRunner.runSequentially(SuiteRunner.java:378)
at org.testng.SuiteRunner.privateRun(SuiteRunner.java:337)
at org.testng.SuiteRunner.run(SuiteRunner.java:286)
at org.testng.SuiteRunnerWorker.runSuite(SuiteRunnerWorker.java:53)
at org.testng.SuiteRunnerWorker.run(SuiteRunnerWorker.java:96)
at org.testng.TestNG.runSuitesSequentially(TestNG.java:1218)
at org.testng.TestNG.runSuitesLocally(TestNG.java:1140)
at org.testng.TestNG.runSuites(TestNG.java:1069)
at org.testng.TestNG.run(TestNG.java:1037)
at org.apache.maven.surefire.testng.TestNGExecutor.run(TestNGExecutor.java:77)
at org.apache.maven.surefire.testng.TestNGDirectoryTestSuite.executeMulti(TestNGDirectoryTestSuite.java:159)
at org.apache.maven.surefire.testng.TestNGDirectoryTestSuite.execute(TestNGDirectoryTestSuite.java:99)
at org.apache.maven.surefire.testng.TestNGProvider.invoke(TestNGProvider.java:106)
at sun.reflect.NativeMethodAccessorImpl.invoke0(Native Method)
at sun.reflect.NativeMethodAccessorImpl.invoke(Unknown Source)
at sun.reflect.DelegatingMethodAccessorImpl.invoke(Unknown Source)
at java.lang.reflect.Method.invoke(Unknown Source)
at org.apache.maven.surefire.util.ReflectionUtils.invokeMethodWithArray(ReflectionUtils.java:189)
at org.apache.maven.surefire.booter.ProviderFactory$ProviderProxy.invoke(ProviderFactory.java:165)
at org.apache.maven.surefire.booter.ProviderFactory.invokeProvider(ProviderFactory.java:85)
at org.apache.maven.surefire.booter.ForkedBooter.runSuitesInProcess(ForkedBooter.java:115)
at org.apache.maven.surefire.booter.ForkedBooter.main(ForkedBooter.java:75)
]]>
            </full-stacktrace>
          </exception> <!-- org.openqa.selenium.SessionNotCreatedException -->
          <reporter-output>
          </reporter-output>
        </test-method> <!-- satup -->
        <test-method status="SKIP" signature="registrationFirstName_Test6()[pri:0, instance:com.WalmartTestCases.TestRegistrationWalmart@490ab905]" name="registrationFirstName_Test6" duration-ms="0" started-at="2021-02-24T17:06:04 EST" finished-at="2021-02-24T17:06:04 EST">
          <exception class="org.openqa.selenium.SessionNotCreatedException">
            <message>
              <![CDATA[session not created
from timeout: Timed out receiving message from renderer: 600.000
  (Session info: chrome=88.0.4324.182)
Build info: version: '3.141.59', revision: 'e82be7d358', time: '2018-11-14T08:17:03'
System info: host: 'PREYAL', ip: '192.168.25.1', os.name: 'Windows 10', os.arch: 'amd64', os.version: '10.0', java.version: '1.8.0_281'
Driver info: driver.version: ChromeDriver
remote stacktrace: Backtrace:
Ordinal0 [0x005BC0C3+3326147]
Ordinal0 [0x004A0851+2164817]
Ordinal0 [0x00327298+619160]
Ordinal0 [0x0031B17F+569727]
Ordinal0 [0x0031A421+566305]
Ordinal0 [0x0031A815+567317]
Ordinal0 [0x0031A135+565557]
Ordinal0 [0x003238B1+604337]
Ordinal0 [0x0031A0F1+565489]
Ordinal0 [0x0031AEA2+568994]
Ordinal0 [0x0031A421+566305]
Ordinal0 [0x0031A815+567317]
Ordinal0 [0x0031A135+565557]
Ordinal0 [0x00321D2C+597292]
Ordinal0 [0x0031A0F1+565489]
Ordinal0 [0x0031AEA2+568994]
Ordinal0 [0x0031A421+566305]
Ordinal0 [0x0031A815+567317]
Ordinal0 [0x0031A135+565557]
Ordinal0 [0x0031FE62+589410]
Ordinal0 [0x0031A0F1+565489]
Ordinal0 [0x0031AEA2+568994]
Ordinal0 [0x0031A421+566305]
Ordinal0 [0x0031A815+567317]
Ordinal0 [0x0031A135+565557]
Ordinal0 [0x0031F075+585845]
Ordinal0 [0x0031A0F1+565489]
Ordinal0 [0x0031AEA2+568994]
Ordinal0 [0x0031A421+566305]
Ordinal0 [0x0031A815+567317]
Ordinal0 [0x0031A135+565557]
Ordinal0 [0x00316776+550774]
Ordinal0 [0x0031A0F1+565489]
Ordinal0 [0x00319F13+565011]
Ordinal0 [0x00319D07+564487]
Ordinal0 [0x003282C0+623296]
Ordinal0 [0x002C6BDD+224221]
Ordinal0 [0x002C5CAC+220332]
Ordinal0 [0x002C189B+202907]
Ordinal0 [0x002A3DF4+81396]
Ordinal0 [0x002A4DEE+85486]
Ordinal0 [0x002A4D79+85369]
Ordinal0 [0x004B85DC+2262492]
GetHandleVerifier [0x00742874+1487204]
GetHandleVerifier [0x007423CD+1486013]
GetHandleVerifier [0x0074A368+1518680]
GetHandleVerifier [0x00742F4E+1488958]
Ordinal0 [0x004AED0D+2223373]
Ordinal0 [0x004BA12B+2269483]
Ordinal0 [0x004BA26F+2269807]
Ordinal0 [0x004CECB8+2354360]
BaseThreadInitThunk [0x75516359+25]
RtlGetAppContainerNamedObjectPath [0x77D38944+228]
RtlGetAppContainerNamedObjectPath [0x77D38914+180]
]]>
            </message>
            <full-stacktrace>
              <![CDATA[org.openqa.selenium.SessionNotCreatedException: session not created
from timeout: Timed out receiving message from renderer: 600.000
  (Session info: chrome=88.0.4324.182)
Build info: version: '3.141.59', revision: 'e82be7d358', time: '2018-11-14T08:17:03'
System info: host: 'PREYAL', ip: '192.168.25.1', os.name: 'Windows 10', os.arch: 'amd64', os.version: '10.0', java.version: '1.8.0_281'
Driver info: driver.version: ChromeDriver
remote stacktrace: Backtrace:
Ordinal0 [0x005BC0C3+3326147]
Ordinal0 [0x004A0851+2164817]
Ordinal0 [0x00327298+619160]
Ordinal0 [0x0031B17F+569727]
Ordinal0 [0x0031A421+566305]
Ordinal0 [0x0031A815+567317]
Ordinal0 [0x0031A135+565557]
Ordinal0 [0x003238B1+604337]
Ordinal0 [0x0031A0F1+565489]
Ordinal0 [0x0031AEA2+568994]
Ordinal0 [0x0031A421+566305]
Ordinal0 [0x0031A815+567317]
Ordinal0 [0x0031A135+565557]
Ordinal0 [0x00321D2C+597292]
Ordinal0 [0x0031A0F1+565489]
Ordinal0 [0x0031AEA2+568994]
Ordinal0 [0x0031A421+566305]
Ordinal0 [0x0031A815+567317]
Ordinal0 [0x0031A135+565557]
Ordinal0 [0x0031FE62+589410]
Ordinal0 [0x0031A0F1+565489]
Ordinal0 [0x0031AEA2+568994]
Ordinal0 [0x0031A421+566305]
Ordinal0 [0x0031A815+567317]
Ordinal0 [0x0031A135+565557]
Ordinal0 [0x0031F075+585845]
Ordinal0 [0x0031A0F1+565489]
Ordinal0 [0x0031AEA2+568994]
Ordinal0 [0x0031A421+566305]
Ordinal0 [0x0031A815+567317]
Ordinal0 [0x0031A135+565557]
Ordinal0 [0x00316776+550774]
Ordinal0 [0x0031A0F1+565489]
Ordinal0 [0x00319F13+565011]
Ordinal0 [0x00319D07+564487]
Ordinal0 [0x003282C0+623296]
Ordinal0 [0x002C6BDD+224221]
Ordinal0 [0x002C5CAC+220332]
Ordinal0 [0x002C189B+202907]
Ordinal0 [0x002A3DF4+81396]
Ordinal0 [0x002A4DEE+85486]
Ordinal0 [0x002A4D79+85369]
Ordinal0 [0x004B85DC+2262492]
GetHandleVerifier [0x00742874+1487204]
GetHandleVerifier [0x007423CD+1486013]
GetHandleVerifier [0x0074A368+1518680]
GetHandleVerifier [0x00742F4E+1488958]
Ordinal0 [0x004AED0D+2223373]
Ordinal0 [0x004BA12B+2269483]
Ordinal0 [0x004BA26F+2269807]
Ordinal0 [0x004CECB8+2354360]
BaseThreadInitThunk [0x75516359+25]
RtlGetAppContainerNamedObjectPath [0x77D38944+228]
RtlGetAppContainerNamedObjectPath [0x77D38914+180]

at sun.reflect.NativeConstructorAccessorImpl.newInstance0(Native Method)
at sun.reflect.NativeConstructorAccessorImpl.newInstance(Unknown Source)
at sun.reflect.DelegatingConstructorAccessorImpl.newInstance(Unknown Source)
at java.lang.reflect.Constructor.newInstance(Unknown Source)
at org.openqa.selenium.remote.W3CHandshakeResponse.lambda$errorHandler$0(W3CHandshakeResponse.java:62)
at org.openqa.selenium.remote.HandshakeResponse.lambda$getResponseFunction$0(HandshakeResponse.java:30)
at org.openqa.selenium.remote.ProtocolHandshake.lambda$createSession$0(ProtocolHandshake.java:126)
at java.util.stream.ReferencePipeline$3$1.accept(Unknown Source)
at java.util.Spliterators$ArraySpliterator.tryAdvance(Unknown Source)
at java.util.stream.ReferencePipeline.forEachWithCancel(Unknown Source)
at java.util.stream.AbstractPipeline.copyIntoWithCancel(Unknown Source)
at java.util.stream.AbstractPipeline.copyInto(Unknown Source)
at java.util.stream.AbstractPipeline.wrapAndCopyInto(Unknown Source)
at java.util.stream.FindOps$FindOp.evaluateSequential(Unknown Source)
at java.util.stream.AbstractPipeline.evaluate(Unknown Source)
at java.util.stream.ReferencePipeline.findFirst(Unknown Source)
at org.openqa.selenium.remote.ProtocolHandshake.createSession(ProtocolHandshake.java:128)
at org.openqa.selenium.remote.ProtocolHandshake.createSession(ProtocolHandshake.java:74)
at org.openqa.selenium.remote.HttpCommandExecutor.execute(HttpCommandExecutor.java:136)
at org.openqa.selenium.remote.service.DriverCommandExecutor.execute(DriverCommandExecutor.java:83)
at org.openqa.selenium.remote.RemoteWebDriver.execute(RemoteWebDriver.java:552)
at org.openqa.selenium.remote.RemoteWebDriver.startSession(RemoteWebDriver.java:213)
at org.openqa.selenium.remote.RemoteWebDriver.<init>(RemoteWebDriver.java:131)
at org.openqa.selenium.chrome.ChromeDriver.<init>(ChromeDriver.java:181)
at org.openqa.selenium.chrome.ChromeDriver.<init>(ChromeDriver.java:168)
at org.openqa.selenium.chrome.ChromeDriver.<init>(ChromeDriver.java:123)
at baseclass.BaseClassWalmart.initialization(BaseClassWalmart.java:44)
at com.WalmartTestCases.TestRegistrationWalmart.satup(TestRegistrationWalmart.java:27)
at sun.reflect.NativeMethodAccessorImpl.invoke0(Native Method)
at sun.reflect.NativeMethodAccessorImpl.invoke(Unknown Source)
at sun.reflect.DelegatingMethodAccessorImpl.invoke(Unknown Source)
at java.lang.reflect.Method.invoke(Unknown Source)
at org.testng.internal.MethodInvocationHelper.invokeMethod(MethodInvocationHelper.java:132)
at org.testng.internal.MethodInvocationHelper.invokeMethodConsideringTimeout(MethodInvocationHelper.java:61)
at org.testng.internal.ConfigInvoker.invokeConfigurationMethod(ConfigInvoker.java:366)
at org.testng.internal.ConfigInvoker.invokeConfigurations(ConfigInvoker.java:320)
at org.testng.internal.TestInvoker.runConfigMethods(TestInvoker.java:701)
at org.testng.internal.TestInvoker.invokeMethod(TestInvoker.java:527)
at org.testng.internal.TestInvoker.invokeTestMethod(TestInvoker.java:174)
at org.testng.internal.MethodRunner.runInSequence(MethodRunner.java:46)
at org.testng.internal.TestInvoker$MethodInvocationAgent.invoke(TestInvoker.java:822)
at org.testng.internal.TestInvoker.invokeTestMethods(TestInvoker.java:147)
at org.testng.internal.TestMethodWorker.invokeTestMethods(TestMethodWorker.java:146)
at org.testng.internal.TestMethodWorker.run(TestMethodWorker.java:128)
at java.util.ArrayList.forEach(Unknown Source)
at org.testng.TestRunner.privateRun(TestRunner.java:764)
at org.testng.TestRunner.run(TestRunner.java:585)
at org.testng.SuiteRunner.runTest(SuiteRunner.java:384)
at org.testng.SuiteRunner.runSequentially(SuiteRunner.java:378)
at org.testng.SuiteRunner.privateRun(SuiteRunner.java:337)
at org.testng.SuiteRunner.run(SuiteRunner.java:286)
at org.testng.SuiteRunnerWorker.runSuite(SuiteRunnerWorker.java:53)
at org.testng.SuiteRunnerWorker.run(SuiteRunnerWorker.java:96)
at org.testng.TestNG.runSuitesSequentially(TestNG.java:1218)
at org.testng.TestNG.runSuitesLocally(TestNG.java:1140)
at org.testng.TestNG.runSuites(TestNG.java:1069)
at org.testng.TestNG.run(TestNG.java:1037)
at org.apache.maven.surefire.testng.TestNGExecutor.run(TestNGExecutor.java:77)
at org.apache.maven.surefire.testng.TestNGDirectoryTestSuite.executeMulti(TestNGDirectoryTestSuite.java:159)
at org.apache.maven.surefire.testng.TestNGDirectoryTestSuite.execute(TestNGDirectoryTestSuite.java:99)
at org.apache.maven.surefire.testng.TestNGProvider.invoke(TestNGProvider.java:106)
at sun.reflect.NativeMethodAccessorImpl.invoke0(Native Method)
at sun.reflect.NativeMethodAccessorImpl.invoke(Unknown Source)
at sun.reflect.DelegatingMethodAccessorImpl.invoke(Unknown Source)
at java.lang.reflect.Method.invoke(Unknown Source)
at org.apache.maven.surefire.util.ReflectionUtils.invokeMethodWithArray(ReflectionUtils.java:189)
at org.apache.maven.surefire.booter.ProviderFactory$ProviderProxy.invoke(ProviderFactory.java:165)
at org.apache.maven.surefire.booter.ProviderFactory.invokeProvider(ProviderFactory.java:85)
at org.apache.maven.surefire.booter.ForkedBooter.runSuitesInProcess(ForkedBooter.java:115)
at org.apache.maven.surefire.booter.ForkedBooter.main(ForkedBooter.java:75)
]]>
            </full-stacktrace>
          </exception> <!-- org.openqa.selenium.SessionNotCreatedException -->
          <reporter-output>
          </reporter-output>
        </test-method> <!-- registrationFirstName_Test6 -->
        <test-method status="SKIP" signature="registrationLastName_Test10()[pri:0, instance:com.WalmartTestCases.TestRegistrationWalmart@490ab905]" name="registrationLastName_Test10" duration-ms="0" started-at="2021-02-24T17:06:04 EST" finished-at="2021-02-24T17:06:04 EST">
          <exception class="org.openqa.selenium.SessionNotCreatedException">
            <message>
              <![CDATA[session not created
from timeout: Timed out receiving message from renderer: 600.000
  (Session info: chrome=88.0.4324.182)
Build info: version: '3.141.59', revision: 'e82be7d358', time: '2018-11-14T08:17:03'
System info: host: 'PREYAL', ip: '192.168.25.1', os.name: 'Windows 10', os.arch: 'amd64', os.version: '10.0', java.version: '1.8.0_281'
Driver info: driver.version: ChromeDriver
remote stacktrace: Backtrace:
Ordinal0 [0x005BC0C3+3326147]
Ordinal0 [0x004A0851+2164817]
Ordinal0 [0x00327298+619160]
Ordinal0 [0x0031B17F+569727]
Ordinal0 [0x0031A421+566305]
Ordinal0 [0x0031A815+567317]
Ordinal0 [0x0031A135+565557]
Ordinal0 [0x003238B1+604337]
Ordinal0 [0x0031A0F1+565489]
Ordinal0 [0x0031AEA2+568994]
Ordinal0 [0x0031A421+566305]
Ordinal0 [0x0031A815+567317]
Ordinal0 [0x0031A135+565557]
Ordinal0 [0x00321D2C+597292]
Ordinal0 [0x0031A0F1+565489]
Ordinal0 [0x0031AEA2+568994]
Ordinal0 [0x0031A421+566305]
Ordinal0 [0x0031A815+567317]
Ordinal0 [0x0031A135+565557]
Ordinal0 [0x0031FE62+589410]
Ordinal0 [0x0031A0F1+565489]
Ordinal0 [0x0031AEA2+568994]
Ordinal0 [0x0031A421+566305]
Ordinal0 [0x0031A815+567317]
Ordinal0 [0x0031A135+565557]
Ordinal0 [0x0031F075+585845]
Ordinal0 [0x0031A0F1+565489]
Ordinal0 [0x0031AEA2+568994]
Ordinal0 [0x0031A421+566305]
Ordinal0 [0x0031A815+567317]
Ordinal0 [0x0031A135+565557]
Ordinal0 [0x00316776+550774]
Ordinal0 [0x0031A0F1+565489]
Ordinal0 [0x00319F13+565011]
Ordinal0 [0x00319D07+564487]
Ordinal0 [0x003282C0+623296]
Ordinal0 [0x002C6BDD+224221]
Ordinal0 [0x002C5CAC+220332]
Ordinal0 [0x002C189B+202907]
Ordinal0 [0x002A3DF4+81396]
Ordinal0 [0x002A4DEE+85486]
Ordinal0 [0x002A4D79+85369]
Ordinal0 [0x004B85DC+2262492]
GetHandleVerifier [0x00742874+1487204]
GetHandleVerifier [0x007423CD+1486013]
GetHandleVerifier [0x0074A368+1518680]
GetHandleVerifier [0x00742F4E+1488958]
Ordinal0 [0x004AED0D+2223373]
Ordinal0 [0x004BA12B+2269483]
Ordinal0 [0x004BA26F+2269807]
Ordinal0 [0x004CECB8+2354360]
BaseThreadInitThunk [0x75516359+25]
RtlGetAppContainerNamedObjectPath [0x77D38944+228]
RtlGetAppContainerNamedObjectPath [0x77D38914+180]
]]>
            </message>
            <full-stacktrace>
              <![CDATA[org.openqa.selenium.SessionNotCreatedException: session not created
from timeout: Timed out receiving message from renderer: 600.000
  (Session info: chrome=88.0.4324.182)
Build info: version: '3.141.59', revision: 'e82be7d358', time: '2018-11-14T08:17:03'
System info: host: 'PREYAL', ip: '192.168.25.1', os.name: 'Windows 10', os.arch: 'amd64', os.version: '10.0', java.version: '1.8.0_281'
Driver info: driver.version: ChromeDriver
remote stacktrace: Backtrace:
Ordinal0 [0x005BC0C3+3326147]
Ordinal0 [0x004A0851+2164817]
Ordinal0 [0x00327298+619160]
Ordinal0 [0x0031B17F+569727]
Ordinal0 [0x0031A421+566305]
Ordinal0 [0x0031A815+567317]
Ordinal0 [0x0031A135+565557]
Ordinal0 [0x003238B1+604337]
Ordinal0 [0x0031A0F1+565489]
Ordinal0 [0x0031AEA2+568994]
Ordinal0 [0x0031A421+566305]
Ordinal0 [0x0031A815+567317]
Ordinal0 [0x0031A135+565557]
Ordinal0 [0x00321D2C+597292]
Ordinal0 [0x0031A0F1+565489]
Ordinal0 [0x0031AEA2+568994]
Ordinal0 [0x0031A421+566305]
Ordinal0 [0x0031A815+567317]
Ordinal0 [0x0031A135+565557]
Ordinal0 [0x0031FE62+589410]
Ordinal0 [0x0031A0F1+565489]
Ordinal0 [0x0031AEA2+568994]
Ordinal0 [0x0031A421+566305]
Ordinal0 [0x0031A815+567317]
Ordinal0 [0x0031A135+565557]
Ordinal0 [0x0031F075+585845]
Ordinal0 [0x0031A0F1+565489]
Ordinal0 [0x0031AEA2+568994]
Ordinal0 [0x0031A421+566305]
Ordinal0 [0x0031A815+567317]
Ordinal0 [0x0031A135+565557]
Ordinal0 [0x00316776+550774]
Ordinal0 [0x0031A0F1+565489]
Ordinal0 [0x00319F13+565011]
Ordinal0 [0x00319D07+564487]
Ordinal0 [0x003282C0+623296]
Ordinal0 [0x002C6BDD+224221]
Ordinal0 [0x002C5CAC+220332]
Ordinal0 [0x002C189B+202907]
Ordinal0 [0x002A3DF4+81396]
Ordinal0 [0x002A4DEE+85486]
Ordinal0 [0x002A4D79+85369]
Ordinal0 [0x004B85DC+2262492]
GetHandleVerifier [0x00742874+1487204]
GetHandleVerifier [0x007423CD+1486013]
GetHandleVerifier [0x0074A368+1518680]
GetHandleVerifier [0x00742F4E+1488958]
Ordinal0 [0x004AED0D+2223373]
Ordinal0 [0x004BA12B+2269483]
Ordinal0 [0x004BA26F+2269807]
Ordinal0 [0x004CECB8+2354360]
BaseThreadInitThunk [0x75516359+25]
RtlGetAppContainerNamedObjectPath [0x77D38944+228]
RtlGetAppContainerNamedObjectPath [0x77D38914+180]

at sun.reflect.NativeConstructorAccessorImpl.newInstance0(Native Method)
at sun.reflect.NativeConstructorAccessorImpl.newInstance(Unknown Source)
at sun.reflect.DelegatingConstructorAccessorImpl.newInstance(Unknown Source)
at java.lang.reflect.Constructor.newInstance(Unknown Source)
at org.openqa.selenium.remote.W3CHandshakeResponse.lambda$errorHandler$0(W3CHandshakeResponse.java:62)
at org.openqa.selenium.remote.HandshakeResponse.lambda$getResponseFunction$0(HandshakeResponse.java:30)
at org.openqa.selenium.remote.ProtocolHandshake.lambda$createSession$0(ProtocolHandshake.java:126)
at java.util.stream.ReferencePipeline$3$1.accept(Unknown Source)
at java.util.Spliterators$ArraySpliterator.tryAdvance(Unknown Source)
at java.util.stream.ReferencePipeline.forEachWithCancel(Unknown Source)
at java.util.stream.AbstractPipeline.copyIntoWithCancel(Unknown Source)
at java.util.stream.AbstractPipeline.copyInto(Unknown Source)
at java.util.stream.AbstractPipeline.wrapAndCopyInto(Unknown Source)
at java.util.stream.FindOps$FindOp.evaluateSequential(Unknown Source)
at java.util.stream.AbstractPipeline.evaluate(Unknown Source)
at java.util.stream.ReferencePipeline.findFirst(Unknown Source)
at org.openqa.selenium.remote.ProtocolHandshake.createSession(ProtocolHandshake.java:128)
at org.openqa.selenium.remote.ProtocolHandshake.createSession(ProtocolHandshake.java:74)
at org.openqa.selenium.remote.HttpCommandExecutor.execute(HttpCommandExecutor.java:136)
at org.openqa.selenium.remote.service.DriverCommandExecutor.execute(DriverCommandExecutor.java:83)
at org.openqa.selenium.remote.RemoteWebDriver.execute(RemoteWebDriver.java:552)
at org.openqa.selenium.remote.RemoteWebDriver.startSession(RemoteWebDriver.java:213)
at org.openqa.selenium.remote.RemoteWebDriver.<init>(RemoteWebDriver.java:131)
at org.openqa.selenium.chrome.ChromeDriver.<init>(ChromeDriver.java:181)
at org.openqa.selenium.chrome.ChromeDriver.<init>(ChromeDriver.java:168)
at org.openqa.selenium.chrome.ChromeDriver.<init>(ChromeDriver.java:123)
at baseclass.BaseClassWalmart.initialization(BaseClassWalmart.java:44)
at com.WalmartTestCases.TestRegistrationWalmart.satup(TestRegistrationWalmart.java:27)
at sun.reflect.NativeMethodAccessorImpl.invoke0(Native Method)
at sun.reflect.NativeMethodAccessorImpl.invoke(Unknown Source)
at sun.reflect.DelegatingMethodAccessorImpl.invoke(Unknown Source)
at java.lang.reflect.Method.invoke(Unknown Source)
at org.testng.internal.MethodInvocationHelper.invokeMethod(MethodInvocationHelper.java:132)
at org.testng.internal.MethodInvocationHelper.invokeMethodConsideringTimeout(MethodInvocationHelper.java:61)
at org.testng.internal.ConfigInvoker.invokeConfigurationMethod(ConfigInvoker.java:366)
at org.testng.internal.ConfigInvoker.invokeConfigurations(ConfigInvoker.java:320)
at org.testng.internal.TestInvoker.runConfigMethods(TestInvoker.java:701)
at org.testng.internal.TestInvoker.invokeMethod(TestInvoker.java:527)
at org.testng.internal.TestInvoker.invokeTestMethod(TestInvoker.java:174)
at org.testng.internal.MethodRunner.runInSequence(MethodRunner.java:46)
at org.testng.internal.TestInvoker$MethodInvocationAgent.invoke(TestInvoker.java:822)
at org.testng.internal.TestInvoker.invokeTestMethods(TestInvoker.java:147)
at org.testng.internal.TestMethodWorker.invokeTestMethods(TestMethodWorker.java:146)
at org.testng.internal.TestMethodWorker.run(TestMethodWorker.java:128)
at java.util.ArrayList.forEach(Unknown Source)
at org.testng.TestRunner.privateRun(TestRunner.java:764)
at org.testng.TestRunner.run(TestRunner.java:585)
at org.testng.SuiteRunner.runTest(SuiteRunner.java:384)
at org.testng.SuiteRunner.runSequentially(SuiteRunner.java:378)
at org.testng.SuiteRunner.privateRun(SuiteRunner.java:337)
at org.testng.SuiteRunner.run(SuiteRunner.java:286)
at org.testng.SuiteRunnerWorker.runSuite(SuiteRunnerWorker.java:53)
at org.testng.SuiteRunnerWorker.run(SuiteRunnerWorker.java:96)
at org.testng.TestNG.runSuitesSequentially(TestNG.java:1218)
at org.testng.TestNG.runSuitesLocally(TestNG.java:1140)
at org.testng.TestNG.runSuites(TestNG.java:1069)
at org.testng.TestNG.run(TestNG.java:1037)
at org.apache.maven.surefire.testng.TestNGExecutor.run(TestNGExecutor.java:77)
at org.apache.maven.surefire.testng.TestNGDirectoryTestSuite.executeMulti(TestNGDirectoryTestSuite.java:159)
at org.apache.maven.surefire.testng.TestNGDirectoryTestSuite.execute(TestNGDirectoryTestSuite.java:99)
at org.apache.maven.surefire.testng.TestNGProvider.invoke(TestNGProvider.java:106)
at sun.reflect.NativeMethodAccessorImpl.invoke0(Native Method)
at sun.reflect.NativeMethodAccessorImpl.invoke(Unknown Source)
at sun.reflect.DelegatingMethodAccessorImpl.invoke(Unknown Source)
at java.lang.reflect.Method.invoke(Unknown Source)
at org.apache.maven.surefire.util.ReflectionUtils.invokeMethodWithArray(ReflectionUtils.java:189)
at org.apache.maven.surefire.booter.ProviderFactory$ProviderProxy.invoke(ProviderFactory.java:165)
at org.apache.maven.surefire.booter.ProviderFactory.invokeProvider(ProviderFactory.java:85)
at org.apache.maven.surefire.booter.ForkedBooter.runSuitesInProcess(ForkedBooter.java:115)
at org.apache.maven.surefire.booter.ForkedBooter.main(ForkedBooter.java:75)
]]>
            </full-stacktrace>
          </exception> <!-- org.openqa.selenium.SessionNotCreatedException -->
          <reporter-output>
          </reporter-output>
        </test-method> <!-- registrationLastName_Test10 -->
        <test-method status="SKIP" signature="satup()[pri:0, instance:com.WalmartTestCases.TestRegistrationWalmart@490ab905]" name="satup" is-config="true" duration-ms="-1614204364062" started-at="2021-02-24T17:06:04 EST" finished-at="1969-12-31T19:00:00 EST">
          <reporter-output>
          </reporter-output>
        </test-method> <!-- satup -->
        <test-method status="SKIP" signature="satup()[pri:0, instance:com.WalmartTestCases.TestRegistrationWalmart@490ab905]" name="satup" is-config="true" duration-ms="-1614204364063" started-at="2021-02-24T17:06:04 EST" finished-at="1969-12-31T19:00:00 EST">
          <reporter-output>
          </reporter-output>
        </test-method> <!-- satup -->
        <test-method status="SKIP" signature="registrationLastName_Test8()[pri:0, instance:com.WalmartTestCases.TestRegistrationWalmart@490ab905]" name="registrationLastName_Test8" duration-ms="1" started-at="2021-02-24T17:06:04 EST" finished-at="2021-02-24T17:06:04 EST">
          <exception class="org.openqa.selenium.SessionNotCreatedException">
            <message>
              <![CDATA[session not created
from timeout: Timed out receiving message from renderer: 600.000
  (Session info: chrome=88.0.4324.182)
Build info: version: '3.141.59', revision: 'e82be7d358', time: '2018-11-14T08:17:03'
System info: host: 'PREYAL', ip: '192.168.25.1', os.name: 'Windows 10', os.arch: 'amd64', os.version: '10.0', java.version: '1.8.0_281'
Driver info: driver.version: ChromeDriver
remote stacktrace: Backtrace:
Ordinal0 [0x005BC0C3+3326147]
Ordinal0 [0x004A0851+2164817]
Ordinal0 [0x00327298+619160]
Ordinal0 [0x0031B17F+569727]
Ordinal0 [0x0031A421+566305]
Ordinal0 [0x0031A815+567317]
Ordinal0 [0x0031A135+565557]
Ordinal0 [0x003238B1+604337]
Ordinal0 [0x0031A0F1+565489]
Ordinal0 [0x0031AEA2+568994]
Ordinal0 [0x0031A421+566305]
Ordinal0 [0x0031A815+567317]
Ordinal0 [0x0031A135+565557]
Ordinal0 [0x00321D2C+597292]
Ordinal0 [0x0031A0F1+565489]
Ordinal0 [0x0031AEA2+568994]
Ordinal0 [0x0031A421+566305]
Ordinal0 [0x0031A815+567317]
Ordinal0 [0x0031A135+565557]
Ordinal0 [0x0031FE62+589410]
Ordinal0 [0x0031A0F1+565489]
Ordinal0 [0x0031AEA2+568994]
Ordinal0 [0x0031A421+566305]
Ordinal0 [0x0031A815+567317]
Ordinal0 [0x0031A135+565557]
Ordinal0 [0x0031F075+585845]
Ordinal0 [0x0031A0F1+565489]
Ordinal0 [0x0031AEA2+568994]
Ordinal0 [0x0031A421+566305]
Ordinal0 [0x0031A815+567317]
Ordinal0 [0x0031A135+565557]
Ordinal0 [0x00316776+550774]
Ordinal0 [0x0031A0F1+565489]
Ordinal0 [0x00319F13+565011]
Ordinal0 [0x00319D07+564487]
Ordinal0 [0x003282C0+623296]
Ordinal0 [0x002C6BDD+224221]
Ordinal0 [0x002C5CAC+220332]
Ordinal0 [0x002C189B+202907]
Ordinal0 [0x002A3DF4+81396]
Ordinal0 [0x002A4DEE+85486]
Ordinal0 [0x002A4D79+85369]
Ordinal0 [0x004B85DC+2262492]
GetHandleVerifier [0x00742874+1487204]
GetHandleVerifier [0x007423CD+1486013]
GetHandleVerifier [0x0074A368+1518680]
GetHandleVerifier [0x00742F4E+1488958]
Ordinal0 [0x004AED0D+2223373]
Ordinal0 [0x004BA12B+2269483]
Ordinal0 [0x004BA26F+2269807]
Ordinal0 [0x004CECB8+2354360]
BaseThreadInitThunk [0x75516359+25]
RtlGetAppContainerNamedObjectPath [0x77D38944+228]
RtlGetAppContainerNamedObjectPath [0x77D38914+180]
]]>
            </message>
            <full-stacktrace>
              <![CDATA[org.openqa.selenium.SessionNotCreatedException: session not created
from timeout: Timed out receiving message from renderer: 600.000
  (Session info: chrome=88.0.4324.182)
Build info: version: '3.141.59', revision: 'e82be7d358', time: '2018-11-14T08:17:03'
System info: host: 'PREYAL', ip: '192.168.25.1', os.name: 'Windows 10', os.arch: 'amd64', os.version: '10.0', java.version: '1.8.0_281'
Driver info: driver.version: ChromeDriver
remote stacktrace: Backtrace:
Ordinal0 [0x005BC0C3+3326147]
Ordinal0 [0x004A0851+2164817]
Ordinal0 [0x00327298+619160]
Ordinal0 [0x0031B17F+569727]
Ordinal0 [0x0031A421+566305]
Ordinal0 [0x0031A815+567317]
Ordinal0 [0x0031A135+565557]
Ordinal0 [0x003238B1+604337]
Ordinal0 [0x0031A0F1+565489]
Ordinal0 [0x0031AEA2+568994]
Ordinal0 [0x0031A421+566305]
Ordinal0 [0x0031A815+567317]
Ordinal0 [0x0031A135+565557]
Ordinal0 [0x00321D2C+597292]
Ordinal0 [0x0031A0F1+565489]
Ordinal0 [0x0031AEA2+568994]
Ordinal0 [0x0031A421+566305]
Ordinal0 [0x0031A815+567317]
Ordinal0 [0x0031A135+565557]
Ordinal0 [0x0031FE62+589410]
Ordinal0 [0x0031A0F1+565489]
Ordinal0 [0x0031AEA2+568994]
Ordinal0 [0x0031A421+566305]
Ordinal0 [0x0031A815+567317]
Ordinal0 [0x0031A135+565557]
Ordinal0 [0x0031F075+585845]
Ordinal0 [0x0031A0F1+565489]
Ordinal0 [0x0031AEA2+568994]
Ordinal0 [0x0031A421+566305]
Ordinal0 [0x0031A815+567317]
Ordinal0 [0x0031A135+565557]
Ordinal0 [0x00316776+550774]
Ordinal0 [0x0031A0F1+565489]
Ordinal0 [0x00319F13+565011]
Ordinal0 [0x00319D07+564487]
Ordinal0 [0x003282C0+623296]
Ordinal0 [0x002C6BDD+224221]
Ordinal0 [0x002C5CAC+220332]
Ordinal0 [0x002C189B+202907]
Ordinal0 [0x002A3DF4+81396]
Ordinal0 [0x002A4DEE+85486]
Ordinal0 [0x002A4D79+85369]
Ordinal0 [0x004B85DC+2262492]
GetHandleVerifier [0x00742874+1487204]
GetHandleVerifier [0x007423CD+1486013]
GetHandleVerifier [0x0074A368+1518680]
GetHandleVerifier [0x00742F4E+1488958]
Ordinal0 [0x004AED0D+2223373]
Ordinal0 [0x004BA12B+2269483]
Ordinal0 [0x004BA26F+2269807]
Ordinal0 [0x004CECB8+2354360]
BaseThreadInitThunk [0x75516359+25]
RtlGetAppContainerNamedObjectPath [0x77D38944+228]
RtlGetAppContainerNamedObjectPath [0x77D38914+180]

at sun.reflect.NativeConstructorAccessorImpl.newInstance0(Native Method)
at sun.reflect.NativeConstructorAccessorImpl.newInstance(Unknown Source)
at sun.reflect.DelegatingConstructorAccessorImpl.newInstance(Unknown Source)
at java.lang.reflect.Constructor.newInstance(Unknown Source)
at org.openqa.selenium.remote.W3CHandshakeResponse.lambda$errorHandler$0(W3CHandshakeResponse.java:62)
at org.openqa.selenium.remote.HandshakeResponse.lambda$getResponseFunction$0(HandshakeResponse.java:30)
at org.openqa.selenium.remote.ProtocolHandshake.lambda$createSession$0(ProtocolHandshake.java:126)
at java.util.stream.ReferencePipeline$3$1.accept(Unknown Source)
at java.util.Spliterators$ArraySpliterator.tryAdvance(Unknown Source)
at java.util.stream.ReferencePipeline.forEachWithCancel(Unknown Source)
at java.util.stream.AbstractPipeline.copyIntoWithCancel(Unknown Source)
at java.util.stream.AbstractPipeline.copyInto(Unknown Source)
at java.util.stream.AbstractPipeline.wrapAndCopyInto(Unknown Source)
at java.util.stream.FindOps$FindOp.evaluateSequential(Unknown Source)
at java.util.stream.AbstractPipeline.evaluate(Unknown Source)
at java.util.stream.ReferencePipeline.findFirst(Unknown Source)
at org.openqa.selenium.remote.ProtocolHandshake.createSession(ProtocolHandshake.java:128)
at org.openqa.selenium.remote.ProtocolHandshake.createSession(ProtocolHandshake.java:74)
at org.openqa.selenium.remote.HttpCommandExecutor.execute(HttpCommandExecutor.java:136)
at org.openqa.selenium.remote.service.DriverCommandExecutor.execute(DriverCommandExecutor.java:83)
at org.openqa.selenium.remote.RemoteWebDriver.execute(RemoteWebDriver.java:552)
at org.openqa.selenium.remote.RemoteWebDriver.startSession(RemoteWebDriver.java:213)
at org.openqa.selenium.remote.RemoteWebDriver.<init>(RemoteWebDriver.java:131)
at org.openqa.selenium.chrome.ChromeDriver.<init>(ChromeDriver.java:181)
at org.openqa.selenium.chrome.ChromeDriver.<init>(ChromeDriver.java:168)
at org.openqa.selenium.chrome.ChromeDriver.<init>(ChromeDriver.java:123)
at baseclass.BaseClassWalmart.initialization(BaseClassWalmart.java:44)
at com.WalmartTestCases.TestRegistrationWalmart.satup(TestRegistrationWalmart.java:27)
at sun.reflect.NativeMethodAccessorImpl.invoke0(Native Method)
at sun.reflect.NativeMethodAccessorImpl.invoke(Unknown Source)
at sun.reflect.DelegatingMethodAccessorImpl.invoke(Unknown Source)
at java.lang.reflect.Method.invoke(Unknown Source)
at org.testng.internal.MethodInvocationHelper.invokeMethod(MethodInvocationHelper.java:132)
at org.testng.internal.MethodInvocationHelper.invokeMethodConsideringTimeout(MethodInvocationHelper.java:61)
at org.testng.internal.ConfigInvoker.invokeConfigurationMethod(ConfigInvoker.java:366)
at org.testng.internal.ConfigInvoker.invokeConfigurations(ConfigInvoker.java:320)
at org.testng.internal.TestInvoker.runConfigMethods(TestInvoker.java:701)
at org.testng.internal.TestInvoker.invokeMethod(TestInvoker.java:527)
at org.testng.internal.TestInvoker.invokeTestMethod(TestInvoker.java:174)
at org.testng.internal.MethodRunner.runInSequence(MethodRunner.java:46)
at org.testng.internal.TestInvoker$MethodInvocationAgent.invoke(TestInvoker.java:822)
at org.testng.internal.TestInvoker.invokeTestMethods(TestInvoker.java:147)
at org.testng.internal.TestMethodWorker.invokeTestMethods(TestMethodWorker.java:146)
at org.testng.internal.TestMethodWorker.run(TestMethodWorker.java:128)
at java.util.ArrayList.forEach(Unknown Source)
at org.testng.TestRunner.privateRun(TestRunner.java:764)
at org.testng.TestRunner.run(TestRunner.java:585)
at org.testng.SuiteRunner.runTest(SuiteRunner.java:384)
at org.testng.SuiteRunner.runSequentially(SuiteRunner.java:378)
at org.testng.SuiteRunner.privateRun(SuiteRunner.java:337)
at org.testng.SuiteRunner.run(SuiteRunner.java:286)
at org.testng.SuiteRunnerWorker.runSuite(SuiteRunnerWorker.java:53)
at org.testng.SuiteRunnerWorker.run(SuiteRunnerWorker.java:96)
at org.testng.TestNG.runSuitesSequentially(TestNG.java:1218)
at org.testng.TestNG.runSuitesLocally(TestNG.java:1140)
at org.testng.TestNG.runSuites(TestNG.java:1069)
at org.testng.TestNG.run(TestNG.java:1037)
at org.apache.maven.surefire.testng.TestNGExecutor.run(TestNGExecutor.java:77)
at org.apache.maven.surefire.testng.TestNGDirectoryTestSuite.executeMulti(TestNGDirectoryTestSuite.java:159)
at org.apache.maven.surefire.testng.TestNGDirectoryTestSuite.execute(TestNGDirectoryTestSuite.java:99)
at org.apache.maven.surefire.testng.TestNGProvider.invoke(TestNGProvider.java:106)
at sun.reflect.NativeMethodAccessorImpl.invoke0(Native Method)
at sun.reflect.NativeMethodAccessorImpl.invoke(Unknown Source)
at sun.reflect.DelegatingMethodAccessorImpl.invoke(Unknown Source)
at java.lang.reflect.Method.invoke(Unknown Source)
at org.apache.maven.surefire.util.ReflectionUtils.invokeMethodWithArray(ReflectionUtils.java:189)
at org.apache.maven.surefire.booter.ProviderFactory$ProviderProxy.invoke(ProviderFactory.java:165)
at org.apache.maven.surefire.booter.ProviderFactory.invokeProvider(ProviderFactory.java:85)
at org.apache.maven.surefire.booter.ForkedBooter.runSuitesInProcess(ForkedBooter.java:115)
at org.apache.maven.surefire.booter.ForkedBooter.main(ForkedBooter.java:75)
]]>
            </full-stacktrace>
          </exception> <!-- org.openqa.selenium.SessionNotCreatedException -->
          <reporter-output>
          </reporter-output>
        </test-method> <!-- registrationLastName_Test8 -->
        <test-method status="SKIP" signature="registrationLastName_Test11()[pri:0, instance:com.WalmartTestCases.TestRegistrationWalmart@490ab905]" name="registrationLastName_Test11" duration-ms="0" started-at="2021-02-24T17:06:04 EST" finished-at="2021-02-24T17:06:04 EST">
          <exception class="org.openqa.selenium.SessionNotCreatedException">
            <message>
              <![CDATA[session not created
from timeout: Timed out receiving message from renderer: 600.000
  (Session info: chrome=88.0.4324.182)
Build info: version: '3.141.59', revision: 'e82be7d358', time: '2018-11-14T08:17:03'
System info: host: 'PREYAL', ip: '192.168.25.1', os.name: 'Windows 10', os.arch: 'amd64', os.version: '10.0', java.version: '1.8.0_281'
Driver info: driver.version: ChromeDriver
remote stacktrace: Backtrace:
Ordinal0 [0x005BC0C3+3326147]
Ordinal0 [0x004A0851+2164817]
Ordinal0 [0x00327298+619160]
Ordinal0 [0x0031B17F+569727]
Ordinal0 [0x0031A421+566305]
Ordinal0 [0x0031A815+567317]
Ordinal0 [0x0031A135+565557]
Ordinal0 [0x003238B1+604337]
Ordinal0 [0x0031A0F1+565489]
Ordinal0 [0x0031AEA2+568994]
Ordinal0 [0x0031A421+566305]
Ordinal0 [0x0031A815+567317]
Ordinal0 [0x0031A135+565557]
Ordinal0 [0x00321D2C+597292]
Ordinal0 [0x0031A0F1+565489]
Ordinal0 [0x0031AEA2+568994]
Ordinal0 [0x0031A421+566305]
Ordinal0 [0x0031A815+567317]
Ordinal0 [0x0031A135+565557]
Ordinal0 [0x0031FE62+589410]
Ordinal0 [0x0031A0F1+565489]
Ordinal0 [0x0031AEA2+568994]
Ordinal0 [0x0031A421+566305]
Ordinal0 [0x0031A815+567317]
Ordinal0 [0x0031A135+565557]
Ordinal0 [0x0031F075+585845]
Ordinal0 [0x0031A0F1+565489]
Ordinal0 [0x0031AEA2+568994]
Ordinal0 [0x0031A421+566305]
Ordinal0 [0x0031A815+567317]
Ordinal0 [0x0031A135+565557]
Ordinal0 [0x00316776+550774]
Ordinal0 [0x0031A0F1+565489]
Ordinal0 [0x00319F13+565011]
Ordinal0 [0x00319D07+564487]
Ordinal0 [0x003282C0+623296]
Ordinal0 [0x002C6BDD+224221]
Ordinal0 [0x002C5CAC+220332]
Ordinal0 [0x002C189B+202907]
Ordinal0 [0x002A3DF4+81396]
Ordinal0 [0x002A4DEE+85486]
Ordinal0 [0x002A4D79+85369]
Ordinal0 [0x004B85DC+2262492]
GetHandleVerifier [0x00742874+1487204]
GetHandleVerifier [0x007423CD+1486013]
GetHandleVerifier [0x0074A368+1518680]
GetHandleVerifier [0x00742F4E+1488958]
Ordinal0 [0x004AED0D+2223373]
Ordinal0 [0x004BA12B+2269483]
Ordinal0 [0x004BA26F+2269807]
Ordinal0 [0x004CECB8+2354360]
BaseThreadInitThunk [0x75516359+25]
RtlGetAppContainerNamedObjectPath [0x77D38944+228]
RtlGetAppContainerNamedObjectPath [0x77D38914+180]
]]>
            </message>
            <full-stacktrace>
              <![CDATA[org.openqa.selenium.SessionNotCreatedException: session not created
from timeout: Timed out receiving message from renderer: 600.000
  (Session info: chrome=88.0.4324.182)
Build info: version: '3.141.59', revision: 'e82be7d358', time: '2018-11-14T08:17:03'
System info: host: 'PREYAL', ip: '192.168.25.1', os.name: 'Windows 10', os.arch: 'amd64', os.version: '10.0', java.version: '1.8.0_281'
Driver info: driver.version: ChromeDriver
remote stacktrace: Backtrace:
Ordinal0 [0x005BC0C3+3326147]
Ordinal0 [0x004A0851+2164817]
Ordinal0 [0x00327298+619160]
Ordinal0 [0x0031B17F+569727]
Ordinal0 [0x0031A421+566305]
Ordinal0 [0x0031A815+567317]
Ordinal0 [0x0031A135+565557]
Ordinal0 [0x003238B1+604337]
Ordinal0 [0x0031A0F1+565489]
Ordinal0 [0x0031AEA2+568994]
Ordinal0 [0x0031A421+566305]
Ordinal0 [0x0031A815+567317]
Ordinal0 [0x0031A135+565557]
Ordinal0 [0x00321D2C+597292]
Ordinal0 [0x0031A0F1+565489]
Ordinal0 [0x0031AEA2+568994]
Ordinal0 [0x0031A421+566305]
Ordinal0 [0x0031A815+567317]
Ordinal0 [0x0031A135+565557]
Ordinal0 [0x0031FE62+589410]
Ordinal0 [0x0031A0F1+565489]
Ordinal0 [0x0031AEA2+568994]
Ordinal0 [0x0031A421+566305]
Ordinal0 [0x0031A815+567317]
Ordinal0 [0x0031A135+565557]
Ordinal0 [0x0031F075+585845]
Ordinal0 [0x0031A0F1+565489]
Ordinal0 [0x0031AEA2+568994]
Ordinal0 [0x0031A421+566305]
Ordinal0 [0x0031A815+567317]
Ordinal0 [0x0031A135+565557]
Ordinal0 [0x00316776+550774]
Ordinal0 [0x0031A0F1+565489]
Ordinal0 [0x00319F13+565011]
Ordinal0 [0x00319D07+564487]
Ordinal0 [0x003282C0+623296]
Ordinal0 [0x002C6BDD+224221]
Ordinal0 [0x002C5CAC+220332]
Ordinal0 [0x002C189B+202907]
Ordinal0 [0x002A3DF4+81396]
Ordinal0 [0x002A4DEE+85486]
Ordinal0 [0x002A4D79+85369]
Ordinal0 [0x004B85DC+2262492]
GetHandleVerifier [0x00742874+1487204]
GetHandleVerifier [0x007423CD+1486013]
GetHandleVerifier [0x0074A368+1518680]
GetHandleVerifier [0x00742F4E+1488958]
Ordinal0 [0x004AED0D+2223373]
Ordinal0 [0x004BA12B+2269483]
Ordinal0 [0x004BA26F+2269807]
Ordinal0 [0x004CECB8+2354360]
BaseThreadInitThunk [0x75516359+25]
RtlGetAppContainerNamedObjectPath [0x77D38944+228]
RtlGetAppContainerNamedObjectPath [0x77D38914+180]

at sun.reflect.NativeConstructorAccessorImpl.newInstance0(Native Method)
at sun.reflect.NativeConstructorAccessorImpl.newInstance(Unknown Source)
at sun.reflect.DelegatingConstructorAccessorImpl.newInstance(Unknown Source)
at java.lang.reflect.Constructor.newInstance(Unknown Source)
at org.openqa.selenium.remote.W3CHandshakeResponse.lambda$errorHandler$0(W3CHandshakeResponse.java:62)
[...]
at org.apache.maven.surefire.booter.ProviderFactory$ProviderProxy.invoke(ProviderFactory.java:165)
at org.apache.maven.surefire.booter.ProviderFactory.invokeProvider(ProviderFactory.java:85)
at org.apache.maven.surefire.booter.ForkedBooter.runSuitesInProcess(ForkedBooter.java:115)
at org.apache.maven.surefire.booter.ForkedBooter.main(ForkedBooter.java:75)
]]>
            </full-stacktrace>
          </exception> <!-- org.openqa.selenium.SessionNotCreatedException -->
          <reporter-output>
          </reporter-output>
        </test-method> <!-- VerifyWalmartLogo_Test1 -->
        <test-method status="SKIP" signature="verifysignIn_Test2()[pri:0, instance:com.WalmartTestCases.TestHomePageWalmart@3f49dace]" name="verifysignIn_Test2" duration-ms="0" started-at="2021-02-24T16:52:17 EST" finished-at="2021-02-24T16:52:17 EST">
          <exception class="org.openqa.selenium.SessionNotCreatedException">
            <message>
              <![CDATA[session not created
from timeout: Timed out receiving message from renderer: 600.000
  (Session info: chrome=88.0.4324.182)
Build info: version: '3.141.59', revision: 'e82be7d358', time: '2018-11-14T08:17:03'
System info: host: 'PREYAL', ip: '192.168.25.1', os.name: 'Windows 10', os.arch: 'amd64', os.version: '10.0', java.version: '1.8.0_281'
Driver info: driver.version: ChromeDriver
remote stacktrace: Backtrace:
Ordinal0 [0x005BC0C3+3326147]
Ordinal0 [0x004A0851+2164817]
Ordinal0 [0x00327298+619160]
Ordinal0 [0x0031B17F+569727]
Ordinal0 [0x0031A421+566305]
Ordinal0 [0x0031A815+567317]
Ordinal0 [0x0031A135+565557]
Ordinal0 [0x003238B1+604337]
Ordinal0 [0x0031A0F1+565489]
Ordinal0 [0x0031AEA2+568994]
Ordinal0 [0x0031A421+566305]
Ordinal0 [0x0031A815+567317]
Ordinal0 [0x0031A135+565557]
Ordinal0 [0x00321D2C+597292]
Ordinal0 [0x0031A0F1+565489]
Ordinal0 [0x0031AEA2+568994]
Ordinal0 [0x0031A421+566305]
Ordinal0 [0x0031A815+567317]
Ordinal0 [0x0031A135+565557]
Ordinal0 [0x0031FE62+589410]
Ordinal0 [0x0031A0F1+565489]
Ordinal0 [0x0031AEA2+568994]
Ordinal0 [0x0031A421+566305]
Ordinal0 [0x0031A815+567317]
Ordinal0 [0x0031A135+565557]
Ordinal0 [0x0031F075+585845]
Ordinal0 [0x0031A0F1+565489]
Ordinal0 [0x0031AEA2+568994]
Ordinal0 [0x0031A421+566305]
Ordinal0 [0x0031A815+567317]
Ordinal0 [0x0031A135+565557]
Ordinal0 [0x00316776+550774]
Ordinal0 [0x0031A0F1+565489]
Ordinal0 [0x00319F13+565011]
Ordinal0 [0x00319D07+564487]
Ordinal0 [0x003282C0+623296]
Ordinal0 [0x002C6BDD+224221]
Ordinal0 [0x002C5CAC+220332]
Ordinal0 [0x002C189B+202907]
Ordinal0 [0x002A3DF4+81396]
Ordinal0 [0x002A4DEE+85486]
Ordinal0 [0x002A4D79+85369]
Ordinal0 [0x004B85DC+2262492]
GetHandleVerifier [0x00742874+1487204]
GetHandleVerifier [0x007423CD+1486013]
GetHandleVerifier [0x0074A368+1518680]
GetHandleVerifier [0x00742F4E+1488958]
Ordinal0 [0x004AED0D+2223373]
Ordinal0 [0x004BA12B+2269483]
Ordinal0 [0x004BA26F+2269807]
Ordinal0 [0x004CECB8+2354360]
BaseThreadInitThunk [0x75516359+25]
RtlGetAppContainerNamedObjectPath [0x77D38944+228]
RtlGetAppContainerNamedObjectPath [0x77D38914+180]
]]>
            </message>
            <full-stacktrace>
              <![CDATA[org.openqa.selenium.SessionNotCreatedException: session not created
from timeout: Timed out receiving message from renderer: 600.000
  (Session info: chrome=88.0.4324.182)
Build info: version: '3.141.59', revision: 'e82be7d358', time: '2018-11-14T08:17:03'
System info: host: 'PREYAL', ip: '192.168.25.1', os.name: 'Windows 10', os.arch: 'amd64', os.version: '10.0', java.version: '1.8.0_281'
Driver info: driver.version: ChromeDriver
remote stacktrace: Backtrace:
Ordinal0 [0x005BC0C3+3326147]
Ordinal0 [0x004A0851+2164817]
Ordinal0 [0x00327298+619160]
Ordinal0 [0x0031B17F+569727]
Ordinal0 [0x0031A421+566305]
Ordinal0 [0x0031A815+567317]
Ordinal0 [0x0031A135+565557]
Ordinal0 [0x003238B1+604337]
Ordinal0 [0x0031A0F1+565489]
Ordinal0 [0x0031AEA2+568994]
Ordinal0 [0x0031A421+566305]
Ordinal0 [0x0031A815+567317]
Ordinal0 [0x0031A135+565557]
Ordinal0 [0x00321D2C+597292]
Ordinal0 [0x0031A0F1+565489]
Ordinal0 [0x0031AEA2+568994]
Ordinal0 [0x0031A421+566305]
Ordinal0 [0x0031A815+567317]
Ordinal0 [0x0031A135+565557]
Ordinal0 [0x0031FE62+589410]
Ordinal0 [0x0031A0F1+565489]
Ordinal0 [0x0031AEA2+568994]
Ordinal0 [0x0031A421+566305]
Ordinal0 [0x0031A815+567317]
Ordinal0 [0x0031A135+565557]
Ordinal0 [0x0031F075+585845]
Ordinal0 [0x0031A0F1+565489]
Ordinal0 [0x0031AEA2+568994]
Ordinal0 [0x0031A421+566305]
Ordinal0 [0x0031A815+567317]
Ordinal0 [0x0031A135+565557]
Ordinal0 [0x00316776+550774]
Ordinal0 [0x0031A0F1+565489]
Ordinal0 [0x00319F13+565011]
Ordinal0 [0x00319D07+564487]
Ordinal0 [0x003282C0+623296]
Ordinal0 [0x002C6BDD+224221]
Ordinal0 [0x002C5CAC+220332]
Ordinal0 [0x002C189B+202907]
Ordinal0 [0x002A3DF4+81396]
Ordinal0 [0x002A4DEE+85486]
Ordinal0 [0x002A4D79+85369]
Ordinal0 [0x004B85DC+2262492]
GetHandleVerifier [0x00742874+1487204]
GetHandleVerifier [0x007423CD+1486013]
GetHandleVerifier [0x0074A368+1518680]
GetHandleVerifier [0x00742F4E+1488958]
Ordinal0 [0x004AED0D+2223373]
Ordinal0 [0x004BA12B+2269483]
Ordinal0 [0x004BA26F+2269807]
Ordinal0 [0x004CECB8+2354360]
BaseThreadInitThunk [0x75516359+25]
RtlGetAppContainerNamedObjectPath [0x77D38944+228]
RtlGetAppContainerNamedObjectPath [0x77D38914+180]

at sun.reflect.NativeConstructorAccessorImpl.newInstance0(Native Method)
at sun.reflect.NativeConstructorAccessorImpl.newInstance(Unknown Source)
at sun.reflect.DelegatingConstructorAccessorImpl.newInstance(Unknown Source)
at java.lang.reflect.Constructor.newInstance(Unknown Source)
at org.openqa.selenium.remote.W3CHandshakeResponse.lambda$errorHandler$0(W3CHandshakeResponse.java:62)
at org.openqa.selenium.remote.HandshakeResponse.lambda$getResponseFunction$0(HandshakeResponse.java:30)
at org.openqa.selenium.remote.ProtocolHandshake.lambda$createSession$0(ProtocolHandshake.java:126)
at java.util.stream.ReferencePipeline$3$1.accept(Unknown Source)
at java.util.Spliterators$ArraySpliterator.tryAdvance(Unknown Source)
at java.util.stream.ReferencePipeline.forEachWithCancel(Unknown Source)
at java.util.stream.AbstractPipeline.copyIntoWithCancel(Unknown Source)
at java.util.stream.AbstractPipeline.copyInto(Unknown Source)
at java.util.stream.AbstractPipeline.wrapAndCopyInto(Unknown Source)
at java.util.stream.FindOps$FindOp.evaluateSequential(Unknown Source)
at java.util.stream.AbstractPipeline.evaluate(Unknown Source)
at java.util.stream.ReferencePipeline.findFirst(Unknown Source)
at org.openqa.selenium.remote.ProtocolHandshake.createSession(ProtocolHandshake.java:128)
at org.openqa.selenium.remote.ProtocolHandshake.createSession(ProtocolHandshake.java:74)
at org.openqa.selenium.remote.HttpCommandExecutor.execute(HttpCommandExecutor.java:136)
at org.openqa.selenium.remote.service.DriverCommandExecutor.execute(DriverCommandExecutor.java:83)
at org.openqa.selenium.remote.RemoteWebDriver.execute(RemoteWebDriver.java:552)
at org.openqa.selenium.remote.RemoteWebDriver.startSession(RemoteWebDriver.java:213)
at org.openqa.selenium.remote.RemoteWebDriver.<init>(RemoteWebDriver.java:131)
at org.openqa.selenium.chrome.ChromeDriver.<init>(ChromeDriver.java:181)
at org.openqa.selenium.chrome.ChromeDriver.<init>(ChromeDriver.java:168)
at org.openqa.selenium.chrome.ChromeDriver.<init>(ChromeDriver.java:123)
at baseclass.BaseClassWalmart.initialization(BaseClassWalmart.java:44)
at com.WalmartTestCases.TestHomePageWalmart.setup(TestHomePageWalmart.java:34)
at sun.reflect.NativeMethodAccessorImpl.invoke0(Native Method)
at sun.reflect.NativeMethodAccessorImpl.invoke(Unknown Source)
at sun.reflect.DelegatingMethodAccessorImpl.invoke(Unknown Source)
at java.lang.reflect.Method.invoke(Unknown Source)
at org.testng.internal.MethodInvocationHelper.invokeMethod(MethodInvocationHelper.java:132)
at org.testng.internal.MethodInvocationHelper.invokeMethodConsideringTimeout(MethodInvocationHelper.java:61)
at org.testng.internal.ConfigInvoker.invokeConfigurationMethod(ConfigInvoker.java:366)
at org.testng.internal.ConfigInvoker.invokeConfigurations(ConfigInvoker.java:320)
at org.testng.internal.TestInvoker.runConfigMethods(TestInvoker.java:701)
at org.testng.internal.TestInvoker.invokeMethod(TestInvoker.java:527)
at org.testng.internal.TestInvoker.invokeTestMethod(TestInvoker.java:174)
at org.testng.internal.MethodRunner.runInSequence(MethodRunner.java:46)
at org.testng.internal.TestInvoker$MethodInvocationAgent.invoke(TestInvoker.java:822)
at org.testng.internal.TestInvoker.invokeTestMethods(TestInvoker.java:147)
at org.testng.internal.TestMethodWorker.invokeTestMethods(TestMethodWorker.java:146)
at org.testng.internal.TestMethodWorker.run(TestMethodWorker.java:128)
at java.util.ArrayList.forEach(Unknown Source)
at org.testng.TestRunner.privateRun(TestRunner.java:764)
at org.testng.TestRunner.run(TestRunner.java:585)
at org.testng.SuiteRunner.runTest(SuiteRunner.java:384)
at org.testng.SuiteRunner.runSequentially(SuiteRunner.java:378)
at org.testng.SuiteRunner.privateRun(SuiteRunner.java:337)
at org.testng.SuiteRunner.run(SuiteRunner.java:286)
at org.testng.SuiteRunnerWorker.runSuite(SuiteRunnerWorker.java:53)
at org.testng.SuiteRunnerWorker.run(SuiteRunnerWorker.java:96)
at org.testng.TestNG.runSuitesSequentially(TestNG.java:1218)
at org.testng.TestNG.runSuitesLocally(TestNG.java:1140)
at org.testng.TestNG.runSuites(TestNG.java:1069)
at org.testng.TestNG.run(TestNG.java:1037)
at org.apache.maven.surefire.testng.TestNGExecutor.run(TestNGExecutor.java:77)
at org.apache.maven.surefire.testng.TestNGDirectoryTestSuite.executeMulti(TestNGDirectoryTestSuite.java:159)
at org.apache.maven.surefire.testng.TestNGDirectoryTestSuite.execute(TestNGDirectoryTestSuite.java:99)
at org.apache.maven.surefire.testng.TestNGProvider.invoke(TestNGProvider.java:106)
at sun.reflect.NativeMethodAccessorImpl.invoke0(Native Method)
at sun.reflect.NativeMethodAccessorImpl.invoke(Unknown Source)
at sun.reflect.DelegatingMethodAccessorImpl.invoke(Unknown Source)
at java.lang.reflect.Method.invoke(Unknown Source)
at org.apache.maven.surefire.util.ReflectionUtils.invokeMethodWithArray(ReflectionUtils.java:189)
at org.apache.maven.surefire.booter.ProviderFactory$ProviderProxy.invoke(ProviderFactory.java:165)
at org.apache.maven.surefire.booter.ProviderFactory.invokeProvider(ProviderFactory.java:85)
at org.apache.maven.surefire.booter.ForkedBooter.runSuitesInProcess(ForkedBooter.java:115)
at org.apache.maven.surefire.booter.ForkedBooter.main(ForkedBooter.java:75)
]]>
            </full-stacktrace>
          </exception> <!-- org.openqa.selenium.SessionNotCreatedException -->
          <reporter-output>
          </reporter-output>
        </test-method> <!-- verifysignIn_Test2 -->
      </class> <!-- com.WalmartTestCases.TestHomePageWalmart -->
      <class name="com.WalmartTestCases.TestCartWalmart">
        <test-method status="PASS" signature="satup()[pri:0, instance:com.WalmartTestCases.TestCartWalmart@31a5c39e]" name="satup" is-config="true" duration-ms="17864" started-at="2021-02-24T16:39:58 EST" finished-at="2021-02-24T16:40:16 EST">
          <reporter-output>
          </reporter-output>
        </test-method> <!-- satup -->
        <test-method status="PASS" signature="GoToSkinCarePagenumberOfItems_Test6()[pri:0, instance:com.WalmartTestCases.TestCartWalmart@31a5c39e]" name="GoToSkinCarePagenumberOfItems_Test6" duration-ms="34553" started-at="2021-02-24T16:40:16 EST" finished-at="2021-02-24T16:40:51 EST">
          <reporter-output>
          </reporter-output>
        </test-method> <!-- GoToSkinCarePagenumberOfItems_Test6 -->
        <test-method status="PASS" signature="satup()[pri:0, instance:com.WalmartTestCases.TestCartWalmart@31a5c39e]" name="satup" is-config="true" duration-ms="14600" started-at="2021-02-24T16:40:51 EST" finished-at="2021-02-24T16:41:05 EST">
          <reporter-output>
          </reporter-output>
        </test-method> <!-- satup -->
        <test-method status="FAIL" signature="ShoppingCart_Test1()[pri:0, instance:com.WalmartTestCases.TestCartWalmart@31a5c39e]" name="ShoppingCart_Test1" duration-ms="41353" started-at="2021-02-24T16:41:05 EST" finished-at="2021-02-24T16:41:47 EST">
          <exception class="org.openqa.selenium.NoSuchElementException">
            <message>
              <![CDATA[no such element: Unable to locate element: {"method":"xpath","selector":" //article[@title='Skin care tools']"}
  (Session info: chrome=88.0.4324.182)
For documentation on this error, please visit: https://www.seleniumhq.org/exceptions/no_such_element.html
Build info: version: '3.141.59', revision: 'e82be7d358', time: '2018-11-14T08:17:03'
System info: host: 'PREYAL', ip: '192.168.25.1', os.name: 'Windows 10', os.arch: 'amd64', os.version: '10.0', java.version: '1.8.0_281'
Driver info: org.openqa.selenium.chrome.ChromeDriver
Capabilities {acceptInsecureCerts: false, browserName: chrome, browserVersion: 88.0.4324.182, chrome: {chromedriverVersion: 87.0.4280.88 (89e2380a3e36c..., userDataDir: C:\WINDOWS\TEMP\scoped_dir2...}, goog:chromeOptions: {debuggerAddress: localhost:59488}, javascriptEnabled: true, networkConnectionEnabled: false, pageLoadStrategy: normal, platform: WINDOWS, platformName: WINDOWS, proxy: Proxy(), setWindowRect: true, strictFileInteractability: false, timeouts: {implicit: 0, pageLoad: 300000, script: 30000}, unhandledPromptBehavior: dismiss and notify, webauthn:virtualAuthenticators: true}
Session ID: c80319faf3d3e15289db2888e372a32f
*** Element info: {Using=xpath, value= //article[@title='Skin care tools']}]]>
            </message>
            <full-stacktrace>
              <![CDATA[org.openqa.selenium.NoSuchElementException: no such element: Unable to locate element: {"method":"xpath","selector":" //article[@title='Skin care tools']"}
  (Session info: chrome=88.0.4324.182)
For documentation on this error, please visit: https://www.seleniumhq.org/exceptions/no_such_element.html
Build info: version: '3.141.59', revision: 'e82be7d358', time: '2018-11-14T08:17:03'
System info: host: 'PREYAL', ip: '192.168.25.1', os.name: 'Windows 10', os.arch: 'amd64', os.version: '10.0', java.version: '1.8.0_281'
Driver info: org.openqa.selenium.chrome.ChromeDriver
Capabilities {acceptInsecureCerts: false, browserName: chrome, browserVersion: 88.0.4324.182, chrome: {chromedriverVersion: 87.0.4280.88 (89e2380a3e36c..., userDataDir: C:\WINDOWS\TEMP\scoped_dir2...}, goog:chromeOptions: {debuggerAddress: localhost:59488}, javascriptEnabled: true, networkConnectionEnabled: false, pageLoadStrategy: normal, platform: WINDOWS, platformName: WINDOWS, proxy: Proxy(), setWindowRect: true, strictFileInteractability: false, timeouts: {implicit: 0, pageLoad: 300000, script: 30000}, unhandledPromptBehavior: dismiss and notify, webauthn:virtualAuthenticators: true}
Session ID: c80319faf3d3e15289db2888e372a32f
*** Element info: {Using=xpath, value= //article[@title='Skin care tools']}
at sun.reflect.NativeConstructorAccessorImpl.newInstance0(Native Method)
at sun.reflect.NativeConstructorAccessorImpl.newInstance(Unknown Source)
at sun.reflect.DelegatingConstructorAccessorImpl.newInstance(Unknown Source)
at java.lang.reflect.Constructor.newInstance(Unknown Source)
at org.openqa.selenium.remote.http.W3CHttpResponseCodec.createException(W3CHttpResponseCodec.java:187)
at org.openqa.selenium.remote.http.W3CHttpResponseCodec.decode(W3CHttpResponseCodec.java:122)
at org.openqa.selenium.remote.http.W3CHttpResponseCodec.decode(W3CHttpResponseCodec.java:49)
at org.openqa.selenium.remote.HttpCommandExecutor.execute(HttpCommandExecutor.java:158)
at org.openqa.selenium.remote.service.DriverCommandExecutor.execute(DriverCommandExecutor.java:83)
at org.openqa.selenium.remote.RemoteWebDriver.execute(RemoteWebDriver.java:552)
at org.openqa.selenium.remote.RemoteWebDriver.findElement(RemoteWebDriver.java:323)
at org.openqa.selenium.remote.RemoteWebDriver.findElementByXPath(RemoteWebDriver.java:428)
at org.openqa.selenium.By$ByXPath.findElement(By.java:353)
at org.openqa.selenium.remote.RemoteWebDriver.findElement(RemoteWebDriver.java:315)
at sun.reflect.NativeMethodAccessorImpl.invoke0(Native Method)
at sun.reflect.NativeMethodAccessorImpl.invoke(Unknown Source)
at sun.reflect.DelegatingMethodAccessorImpl.invoke(Unknown Source)
at java.lang.reflect.Method.invoke(Unknown Source)
at org.openqa.selenium.support.events.EventFiringWebDriver.lambda$new$1(EventFiringWebDriver.java:105)
at com.sun.proxy.$Proxy4.findElement(Unknown Source)
at org.openqa.selenium.support.events.EventFiringWebDriver.findElement(EventFiringWebDriver.java:194)
at org.openqa.selenium.support.pagefactory.DefaultElementLocator.findElement(DefaultElementLocator.java:69)
at org.openqa.selenium.support.pagefactory.internal.LocatingElementHandler.invoke(LocatingElementHandler.java:38)
at com.sun.proxy.$Proxy8.click(Unknown Source)
at com.WalmartPages.SkinCarePage.AddSkincareItemToCart(SkinCarePage.java:35)
at com.WalmartTestCases.TestCartWalmart.ShoppingCart_Test1(TestCartWalmart.java:43)
at sun.reflect.NativeMethodAccessorImpl.invoke0(Native Method)
at sun.reflect.NativeMethodAccessorImpl.invoke(Unknown Source)
at sun.reflect.DelegatingMethodAccessorImpl.invoke(Unknown Source)
at java.lang.reflect.Method.invoke(Unknown Source)
at org.testng.internal.MethodInvocationHelper.invokeMethod(MethodInvocationHelper.java:132)
at org.testng.internal.TestInvoker.invokeMethod(TestInvoker.java:599)
at org.testng.internal.TestInvoker.invokeTestMethod(TestInvoker.java:174)
at org.testng.internal.MethodRunner.runInSequence(MethodRunner.java:46)
at org.testng.internal.TestInvoker$MethodInvocationAgent.invoke(TestInvoker.java:822)
at org.testng.internal.TestInvoker.invokeTestMethods(TestInvoker.java:147)
at org.testng.internal.TestMethodWorker.invokeTestMethods(TestMethodWorker.java:146)
at org.testng.internal.TestMethodWorker.run(TestMethodWorker.java:128)
at java.util.ArrayList.forEach(Unknown Source)
at org.testng.TestRunner.privateRun(TestRunner.java:764)
at org.testng.TestRunner.run(TestRunner.java:585)
at org.testng.SuiteRunner.runTest(SuiteRunner.java:384)
at org.testng.SuiteRunner.runSequentially(SuiteRunner.java:378)
at org.testng.SuiteRunner.privateRun(SuiteRunner.java:337)
at org.testng.SuiteRunner.run(SuiteRunner.java:286)
at org.testng.SuiteRunnerWorker.runSuite(SuiteRunnerWorker.java:53)
at org.testng.SuiteRunnerWorker.run(SuiteRunnerWorker.java:96)
at org.testng.TestNG.runSuitesSequentially(TestNG.java:1218)
at org.testng.TestNG.runSuitesLocally(TestNG.java:1140)
at org.testng.TestNG.runSuites(TestNG.java:1069)
at org.testng.TestNG.run(TestNG.java:1037)
at org.apache.maven.surefire.testng.TestNGExecutor.run(TestNGExecutor.java:77)
at org.apache.maven.surefire.testng.TestNGDirectoryTestSuite.executeMulti(TestNGDirectoryTestSuite.java:159)
at org.apache.maven.surefire.testng.TestNGDirectoryTestSuite.execute(TestNGDirectoryTestSuite.java:99)
at org.apache.maven.surefire.testng.TestNGProvider.invoke(TestNGProvider.java:106)
at sun.reflect.NativeMethodAccessorImpl.invoke0(Native Method)
at sun.reflect.NativeMethodAccessorImpl.invoke(Unknown Source)
at sun.reflect.DelegatingMethodAccessorImpl.invoke(Unknown Source)
at java.lang.reflect.Method.invoke(Unknown Source)
at org.apache.maven.surefire.util.ReflectionUtils.invokeMethodWithArray(ReflectionUtils.java:189)
at org.apache.maven.surefire.booter.ProviderFactory$ProviderProxy.invoke(ProviderFactory.java:165)
at org.apache.maven.surefire.booter.ProviderFactory.invokeProvider(ProviderFactory.java:85)
at org.apache.maven.surefire.booter.ForkedBooter.runSuitesInProcess(ForkedBooter.java:115)
at org.apache.maven.surefire.booter.ForkedBooter.main(ForkedBooter.java:75)
]]>
            </full-stacktrace>
          </exception> <!-- org.openqa.selenium.NoSuchElementException -->
          <reporter-output>
          </reporter-output>
        </test-method> <!-- ShoppingCart_Test1 -->
      </class> <!-- com.WalmartTestCases.TestCartWalmart -->
    </test> <!-- Command line test -->
  </suite> <!-- Command line suite -->
</testng-results>
