<?xml version="1.0" encoding="UTF-8" ?>
<testsuite tests="52" failures="4" name="TestSuite" time="409.57" errors="0" skipped="48">
  <properties>
[...]
</properties>
  <testcase classname="com.WalmartTestCases.TestCartWalmart" name="satup" time="100.423">
    <failure message="timeout: Timed out receiving message from renderer: 21.177
  (Session info: chrome=89.0.4389.82)
Build info: version: &apos;3.141.59&apos;, revision: &apos;e82be7d358&apos;, time: &apos;2018-11-14T08:17:03&apos;
System info: host: &apos;PREYAL&apos;, ip: &apos;192.168.25.1&apos;, os.name: &apos;Windows 10&apos;, os.arch: &apos;amd64&apos;, os.version: &apos;10.0&apos;, java.version: &apos;1.8.0_281&apos;
Driver info: org.openqa.selenium.chrome.ChromeDriver
Capabilities {acceptInsecureCerts: false, browserName: chrome, browserVersion: 89.0.4389.82, chrome: {chromedriverVersion: 89.0.4389.23 (61b08ee2c5002..., userDataDir: C:\WINDOWS\TEMP\scoped_dir1...}, goog:chromeOptions: {debuggerAddress: localhost:52525}, javascriptEnabled: true, networkConnectionEnabled: false, pageLoadStrategy: normal, platform: WINDOWS, platformName: WINDOWS, proxy: Proxy(), setWindowRect: true, strictFileInteractability: false, timeouts: {implicit: 0, pageLoad: 300000, script: 30000}, unhandledPromptBehavior: dismiss and notify, webauthn:extension:largeBlob: true, webauthn:virtualAuthenticators: true}
Session ID: 5197e3199026a5b51ef5ed3615b58215" type="org.openqa.selenium.TimeoutException">org.openqa.selenium.TimeoutException: timeout: Timed out receiving message from renderer: 21.177
  (Session info: chrome=89.0.4389.82)
Build info: version: &apos;3.141.59&apos;, revision: &apos;e82be7d358&apos;, time: &apos;2018-11-14T08:17:03&apos;
System info: host: &apos;PREYAL&apos;, ip: &apos;192.168.25.1&apos;, os.name: &apos;Windows 10&apos;, os.arch: &apos;amd64&apos;, os.version: &apos;10.0&apos;, java.version: &apos;1.8.0_281&apos;
Driver info: org.openqa.selenium.chrome.ChromeDriver
Capabilities {acceptInsecureCerts: false, browserName: chrome, browserVersion: 89.0.4389.82, chrome: {chromedriverVersion: 89.0.4389.23 (61b08ee2c5002..., userDataDir: C:\WINDOWS\TEMP\scoped_dir1...}, goog:chromeOptions: {debuggerAddress: localhost:52525}, javascriptEnabled: true, networkConnectionEnabled: false, pageLoadStrategy: normal, platform: WINDOWS, platformName: WINDOWS, proxy: Proxy(), setWindowRect: true, strictFileInteractability: false, timeouts: {implicit: 0, pageLoad: 300000, script: 30000}, unhandledPromptBehavior: dismiss and notify, webauthn:extension:largeBlob: true, webauthn:virtualAuthenticators: true}
Session ID: 5197e3199026a5b51ef5ed3615b58215
	at sun.reflect.NativeConstructorAccessorImpl.newInstance0(Native Method)
	at sun.reflect.NativeConstructorAccessorImpl.newInstance(Unknown Source)
	at sun.reflect.DelegatingConstructorAccessorImpl.newInstance(Unknown Source)
	at java.lang.reflect.Constructor.newInstance(Unknown Source)
	at org.openqa.selenium.remote.http.W3CHttpResponseCodec.createException(W3CHttpResponseCodec.java:187)
	at org.openqa.selenium.remote.http.W3CHttpResponseCodec.decode(W3CHttpResponseCodec.java:122)
	at org.openqa.selenium.remote.http.W3CHttpResponseCodec.decode(W3CHttpResponseCodec.java:49)
	at org.openqa.selenium.remote.HttpCommandExecutor.execute(HttpCommandExecutor.java:158)
	at org.openqa.selenium.remote.service.DriverCommandExecutor.execute(DriverCommandExecutor.java:83)
	at org.openqa.selenium.remote.RemoteWebDriver.execute(RemoteWebDriver.java:552)
	at org.openqa.selenium.remote.RemoteWebDriver.get(RemoteWebDriver.java:277)
	at sun.reflect.NativeMethodAccessorImpl.invoke0(Native Method)
	at sun.reflect.NativeMethodAccessorImpl.invoke(Unknown Source)
	at sun.reflect.DelegatingMethodAccessorImpl.invoke(Unknown Source)
	at java.lang.reflect.Method.invoke(Unknown Source)
	at org.openqa.selenium.support.events.EventFiringWebDriver.lambda$new$1(EventFiringWebDriver.java:105)
	at com.sun.proxy.$Proxy4.get(Unknown Source)
	at org.openqa.selenium.support.events.EventFiringWebDriver.get(EventFiringWebDriver.java:165)
	at baseclass.BaseClassWalmart.initialization(BaseClassWalmart.java:60)
	at com.WalmartTestCases.TestCartWalmart.satup(TestCartWalmart.java:35)
</failure>
    <system-out>Configuring TestNG with: org.apache.maven.surefire.testng.conf.TestNG652Configurator@1517365b
Before navigating to: &apos;https://www.walmart.ca/en&apos;
</system-out>
    <system-err>Starting ChromeDriver 89.0.4389.23 (61b08ee2c50024bab004e48d2b1b083cdbdac579-refs/branch-heads/4389@{#294}) on port 29675
Only local connections are allowed.
Please see https://chromedriver.chromium.org/security-considerations for suggestions on keeping ChromeDriver safe.
ChromeDriver was started successfully.
Mar 14, 2021 3:31:27 PM org.openqa.selenium.remote.ProtocolHandshake createSession
INFO: Detected dialect: W3C
[1615750332.889][SEVERE]: Timed out receiving message from renderer: 21.177
[1615750333.374][SEVERE]: Timed out receiving message from renderer: 21.177
</system-err>
  </testcase>
  <testcase classname="com.WalmartTestCases.TestCartWalmart" name="GoToSkinCarePagenumberOfItems_Test6" time="0">
    <skipped/>
  </testcase>
  <testcase classname="com.WalmartTestCases.TestCartWalmart" name="satup" time="0">
    <skipped/>
  </testcase>
  <testcase classname="com.WalmartTestCases.TestCartWalmart" name="ShoppingCart_Test1" time="0">
    <skipped/>
  </testcase>
  <testcase classname="com.WalmartTestCases.TestHomePageWalmart" name="setup" time="88.656">
    <failure message="timeout: Timed out receiving message from renderer: 14.520
  (Session info: chrome=89.0.4389.82)
Build info: version: &apos;3.141.59&apos;, revision: &apos;e82be7d358&apos;, time: &apos;2018-11-14T08:17:03&apos;
System info: host: &apos;PREYAL&apos;, ip: &apos;192.168.25.1&apos;, os.name: &apos;Windows 10&apos;, os.arch: &apos;amd64&apos;, os.version: &apos;10.0&apos;, java.version: &apos;1.8.0_281&apos;
Driver info: org.openqa.selenium.chrome.ChromeDriver
Capabilities {acceptInsecureCerts: false, browserName: chrome, browserVersion: 89.0.4389.82, chrome: {chromedriverVersion: 89.0.4389.23 (61b08ee2c5002..., userDataDir: C:\WINDOWS\TEMP\scoped_dir1...}, goog:chromeOptions: {debuggerAddress: localhost:52634}, javascriptEnabled: true, networkConnectionEnabled: false, pageLoadStrategy: normal, platform: WINDOWS, platformName: WINDOWS, proxy: Proxy(), setWindowRect: true, strictFileInteractability: false, timeouts: {implicit: 0, pageLoad: 300000, script: 30000}, unhandledPromptBehavior: dismiss and notify, webauthn:extension:largeBlob: true, webauthn:virtualAuthenticators: true}
Session ID: 543c5dba19a0aeea064c18e78468946e" type="org.openqa.selenium.TimeoutException">org.openqa.selenium.TimeoutException: timeout: Timed out receiving message from renderer: 14.520
  (Session info: chrome=89.0.4389.82)
Build info: version: &apos;3.141.59&apos;, revision: &apos;e82be7d358&apos;, time: &apos;2018-11-14T08:17:03&apos;
System info: host: &apos;PREYAL&apos;, ip: &apos;192.168.25.1&apos;, os.name: &apos;Windows 10&apos;, os.arch: &apos;amd64&apos;, os.version: &apos;10.0&apos;, java.version: &apos;1.8.0_281&apos;
Driver info: org.openqa.selenium.chrome.ChromeDriver
Capabilities {acceptInsecureCerts: false, browserName: chrome, browserVersion: 89.0.4389.82, chrome: {chromedriverVersion: 89.0.4389.23 (61b08ee2c5002..., userDataDir: C:\WINDOWS\TEMP\scoped_dir1...}, goog:chromeOptions: {debuggerAddress: localhost:52634}, javascriptEnabled: true, networkConnectionEnabled: false, pageLoadStrategy: normal, platform: WINDOWS, platformName: WINDOWS, proxy: Proxy(), setWindowRect: true, strictFileInteractability: false, timeouts: {implicit: 0, pageLoad: 300000, script: 30000}, unhandledPromptBehavior: dismiss and notify, webauthn:extension:largeBlob: true, webauthn:virtualAuthenticators: true}
Session ID: 543c5dba19a0aeea064c18e78468946e
	at sun.reflect.NativeConstructorAccessorImpl.newInstance0(Native Method)
	at sun.reflect.NativeConstructorAccessorImpl.newInstance(Unknown Source)
	at sun.reflect.DelegatingConstructorAccessorImpl.newInstance(Unknown Source)
	at java.lang.reflect.Constructor.newInstance(Unknown Source)
	at org.openqa.selenium.remote.http.W3CHttpResponseCodec.createException(W3CHttpResponseCodec.java:187)
	at org.openqa.selenium.remote.http.W3CHttpResponseCodec.decode(W3CHttpResponseCodec.java:122)
	at org.openqa.selenium.remote.http.W3CHttpResponseCodec.decode(W3CHttpResponseCodec.java:49)
	at org.openqa.selenium.remote.HttpCommandExecutor.execute(HttpCommandExecutor.java:158)
	at org.openqa.selenium.remote.service.DriverCommandExecutor.execute(DriverCommandExecutor.java:83)
	at org.openqa.selenium.remote.RemoteWebDriver.execute(RemoteWebDriver.java:552)
	at org.openqa.selenium.remote.RemoteWebDriver.get(RemoteWebDriver.java:277)
	at sun.reflect.NativeMethodAccessorImpl.invoke0(Native Method)
	at sun.reflect.NativeMethodAccessorImpl.invoke(Unknown Source)
	at sun.reflect.DelegatingMethodAccessorImpl.invoke(Unknown Source)
	at java.lang.reflect.Method.invoke(Unknown Source)
	at org.openqa.selenium.support.events.EventFiringWebDriver.lambda$new$1(EventFiringWebDriver.java:105)
	at com.sun.proxy.$Proxy4.get(Unknown Source)
	at org.openqa.selenium.support.events.EventFiringWebDriver.get(EventFiringWebDriver.java:165)
	at baseclass.BaseClassWalmart.initialization(BaseClassWalmart.java:60)
	at com.WalmartTestCases.TestHomePageWalmart.setup(TestHomePageWalmart.java:34)
</failure>
    <system-out>Before navigating to: &apos;https://www.walmart.ca/en&apos;
</system-out>
    <system-err>Starting ChromeDriver 89.0.4389.23 (61b08ee2c50024bab004e48d2b1b083cdbdac579-refs/branch-heads/4389@{#294}) on port 22599
Only local connections are allowed.
Please see https://chromedriver.chromium.org/security-considerations for suggestions on keeping ChromeDriver safe.
ChromeDriver was started successfully.
Mar 14, 2021 3:32:56 PM org.openqa.selenium.remote.ProtocolHandshake createSession
INFO: Detected dialect: W3C
[1615750421.646][SEVERE]: Timed out receiving message from renderer: 14.520
[1615750422.174][SEVERE]: Timed out receiving message from renderer: 14.520
</system-err>
  </testcase>
  <testcase classname="com.WalmartTestCases.TestHomePageWalmart" name="GoToSkinCarePage_Test4" time="0">
    <skipped/>
  </testcase>
  <testcase classname="com.WalmartTestCases.TestHomePageWalmart" name="setup" time="0.001">
    <skipped/>
  </testcase>
  <testcase classname="com.WalmartTestCases.TestHomePageWalmart" name="GoToSuperHeroPage_Test5" time="0">
    <skipped/>
  </testcase>
  <testcase classname="com.WalmartTestCases.TestHomePageWalmart" name="setup" time="0">
    <skipped/>
  </testcase>
  <testcase classname="com.WalmartTestCases.TestHomePageWalmart" name="GotoregistrationPage_Test3" time="0">
    <skipped/>
  </testcase>
  <testcase classname="com.WalmartTestCases.TestHomePageWalmart" name="setup" time="0">
    <skipped/>
  </testcase>
  <testcase classname="com.WalmartTestCases.TestHomePageWalmart" name="VerifyWalmartLogo_Test1" time="0">
    <skipped/>
  </testcase>
  <testcase classname="com.WalmartTestCases.TestHomePageWalmart" name="setup" time="0">
    <skipped/>
  </testcase>
  <testcase classname="com.WalmartTestCases.TestHomePageWalmart" name="verifysignIn_Test2" time="0">
    <skipped/>
  </testcase>
  <testcase classname="com.WalmartTestCases.TestPersonalSettingWalmart" name="setup" time="109.414">
    <failure message="timeout: Timed out receiving message from renderer: 17.696
  (Session info: chrome=89.0.4389.82)
Build info: version: &apos;3.141.59&apos;, revision: &apos;e82be7d358&apos;, time: &apos;2018-11-14T08:17:03&apos;
System info: host: &apos;PREYAL&apos;, ip: &apos;192.168.25.1&apos;, os.name: &apos;Windows 10&apos;, os.arch: &apos;amd64&apos;, os.version: &apos;10.0&apos;, java.version: &apos;1.8.0_281&apos;
Driver info: org.openqa.selenium.chrome.ChromeDriver
Capabilities {acceptInsecureCerts: false, browserName: chrome, browserVersion: 89.0.4389.82, chrome: {chromedriverVersion: 89.0.4389.23 (61b08ee2c5002..., userDataDir: C:\WINDOWS\TEMP\scoped_dir1...}, goog:chromeOptions: {debuggerAddress: localhost:52734}, javascriptEnabled: true, networkConnectionEnabled: false, pageLoadStrategy: normal, platform: WINDOWS, platformName: WINDOWS, proxy: Proxy(), setWindowRect: true, strictFileInteractability: false, timeouts: {implicit: 0, pageLoad: 300000, script: 30000}, unhandledPromptBehavior: dismiss and notify, webauthn:extension:largeBlob: true, webauthn:virtualAuthenticators: true}
Session ID: 7e1a77488213f8ca23a3e517bce39fa7" type="org.openqa.selenium.TimeoutException">org.openqa.selenium.TimeoutException: timeout: Timed out receiving message from renderer: 17.696
  (Session info: chrome=89.0.4389.82)
Build info: version: &apos;3.141.59&apos;, revision: &apos;e82be7d358&apos;, time: &apos;2018-11-14T08:17:03&apos;
System info: host: &apos;PREYAL&apos;, ip: &apos;192.168.25.1&apos;, os.name: &apos;Windows 10&apos;, os.arch: &apos;amd64&apos;, os.version: &apos;10.0&apos;, java.version: &apos;1.8.0_281&apos;
Driver info: org.openqa.selenium.chrome.ChromeDriver
Capabilities {acceptInsecureCerts: false, browserName: chrome, browserVersion: 89.0.4389.82, chrome: {chromedriverVersion: 89.0.4389.23 (61b08ee2c5002..., userDataDir: C:\WINDOWS\TEMP\scoped_dir1...}, goog:chromeOptions: {debuggerAddress: localhost:52734}, javascriptEnabled: true, networkConnectionEnabled: false, pageLoadStrategy: normal, platform: WINDOWS, platformName: WINDOWS, proxy: Proxy(), setWindowRect: true, strictFileInteractability: false, timeouts: {implicit: 0, pageLoad: 300000, script: 30000}, unhandledPromptBehavior: dismiss and notify, webauthn:extension:largeBlob: true, webauthn:virtualAuthenticators: true}
Session ID: 7e1a77488213f8ca23a3e517bce39fa7
	at sun.reflect.NativeConstructorAccessorImpl.newInstance0(Native Method)
	at sun.reflect.NativeConstructorAccessorImpl.newInstance(Unknown Source)
	at sun.reflect.DelegatingConstructorAccessorImpl.newInstance(Unknown Source)
	at java.lang.reflect.Constructor.newInstance(Unknown Source)
	at org.openqa.selenium.remote.http.W3CHttpResponseCodec.createException(W3CHttpResponseCodec.java:187)
	at org.openqa.selenium.remote.http.W3CHttpResponseCodec.decode(W3CHttpResponseCodec.java:122)
	at org.openqa.selenium.remote.http.W3CHttpResponseCodec.decode(W3CHttpResponseCodec.java:49)
	at org.openqa.selenium.remote.HttpCommandExecutor.execute(HttpCommandExecutor.java:158)
	at org.openqa.selenium.remote.service.DriverCommandExecutor.execute(DriverCommandExecutor.java:83)
	at org.openqa.selenium.remote.RemoteWebDriver.execute(RemoteWebDriver.java:552)
	at org.openqa.selenium.remote.RemoteWebDriver.get(RemoteWebDriver.java:277)
	at sun.reflect.NativeMethodAccessorImpl.invoke0(Native Method)
	at sun.reflect.NativeMethodAccessorImpl.invoke(Unknown Source)
	at sun.reflect.DelegatingMethodAccessorImpl.invoke(Unknown Source)
	at java.lang.reflect.Method.invoke(Unknown Source)
	at org.openqa.selenium.support.events.EventFiringWebDriver.lambda$new$1(EventFiringWebDriver.java:105)
	at com.sun.proxy.$Proxy4.get(Unknown Source)
	at org.openqa.selenium.support.events.EventFiringWebDriver.get(EventFiringWebDriver.java:165)
	at baseclass.BaseClassWalmart.initialization(BaseClassWalmart.java:60)
	at com.WalmartTestCases.TestPersonalSettingWalmart.setup(TestPersonalSettingWalmart.java:25)
</failure>
    <system-out>Before navigating to: &apos;https://www.walmart.ca/en&apos;
</system-out>
    <system-err>Starting ChromeDriver 89.0.4389.23 (61b08ee2c50024bab004e48d2b1b083cdbdac579-refs/branch-heads/4389@{#294}) on port 45999
Only local connections are allowed.
Please see https://chromedriver.chromium.org/security-considerations for suggestions on keeping ChromeDriver safe.
ChromeDriver was started successfully.
Mar 14, 2021 3:34:46 PM org.openqa.selenium.remote.ProtocolHandshake createSession
INFO: Detected dialect: W3C
[1615750531.102][SEVERE]: Timed out receiving message from renderer: 17.696
[1615750531.595][SEVERE]: Timed out receiving message from renderer: 17.696
</system-err>
  </testcase>
  <testcase classname="com.WalmartTestCases.TestPersonalSettingWalmart" name="verifysignIn_Test1" time="0">
    <skipped/>
  </testcase>
  <testcase classname="com.WalmartTestCases.TestRegistrationWalmart" name="satup" time="111.061">
    <failure message="timeout: Timed out receiving message from renderer: 17.403
  (Session info: chrome=89.0.4389.82)
Build info: version: &apos;3.141.59&apos;, revision: &apos;e82be7d358&apos;, time: &apos;2018-11-14T08:17:03&apos;
System info: host: &apos;PREYAL&apos;, ip: &apos;192.168.25.1&apos;, os.name: &apos;Windows 10&apos;, os.arch: &apos;amd64&apos;, os.version: &apos;10.0&apos;, java.version: &apos;1.8.0_281&apos;
Driver info: org.openqa.selenium.chrome.ChromeDriver
Capabilities {acceptInsecureCerts: false, browserName: chrome, browserVersion: 89.0.4389.82, chrome: {chromedriverVersion: 89.0.4389.23 (61b08ee2c5002..., userDataDir: C:\WINDOWS\TEMP\scoped_dir1...}, goog:chromeOptions: {debuggerAddress: localhost:52835}, javascriptEnabled: true, networkConnectionEnabled: false, pageLoadStrategy: normal, platform: WINDOWS, platformName: WINDOWS, proxy: Proxy(), setWindowRect: true, strictFileInteractability: false, timeouts: {implicit: 0, pageLoad: 300000, script: 30000}, unhandledPromptBehavior: dismiss and notify, webauthn:extension:largeBlob: true, webauthn:virtualAuthenticators: true}
Session ID: ffb1a32725917664311d403fc452979c" type="org.openqa.selenium.TimeoutException">org.openqa.selenium.TimeoutException: timeout: Timed out receiving message from renderer: 17.403
  (Session info: chrome=89.0.4389.82)
Build info: version: &apos;3.141.59&apos;, revision: &apos;e82be7d358&apos;, time: &apos;2018-11-14T08:17:03&apos;
System info: host: &apos;PREYAL&apos;, ip: &apos;192.168.25.1&apos;, os.name: &apos;Windows 10&apos;, os.arch: &apos;amd64&apos;, os.version: &apos;10.0&apos;, java.version: &apos;1.8.0_281&apos;
Driver info: org.openqa.selenium.chrome.ChromeDriver
Capabilities {acceptInsecureCerts: false, browserName: chrome, browserVersion: 89.0.4389.82, chrome: {chromedriverVersion: 89.0.4389.23 (61b08ee2c5002..., userDataDir: C:\WINDOWS\TEMP\scoped_dir1...}, goog:chromeOptions: {debuggerAddress: localhost:52835}, javascriptEnabled: true, networkConnectionEnabled: false, pageLoadStrategy: normal, platform: WINDOWS, platformName: WINDOWS, proxy: Proxy(), setWindowRect: true, strictFileInteractability: false, timeouts: {implicit: 0, pageLoad: 300000, script: 30000}, unhandledPromptBehavior: dismiss and notify, webauthn:extension:largeBlob: true, webauthn:virtualAuthenticators: true}
Session ID: ffb1a32725917664311d403fc452979c
	at sun.reflect.NativeConstructorAccessorImpl.newInstance0(Native Method)
	at sun.reflect.NativeConstructorAccessorImpl.newInstance(Unknown Source)
	at sun.reflect.DelegatingConstructorAccessorImpl.newInstance(Unknown Source)
	at java.lang.reflect.Constructor.newInstance(Unknown Source)
	at org.openqa.selenium.remote.http.W3CHttpResponseCodec.createException(W3CHttpResponseCodec.java:187)
	at org.openqa.selenium.remote.http.W3CHttpResponseCodec.decode(W3CHttpResponseCodec.java:122)
	at org.openqa.selenium.remote.http.W3CHttpResponseCodec.decode(W3CHttpResponseCodec.java:49)
	at org.openqa.selenium.remote.HttpCommandExecutor.execute(HttpCommandExecutor.java:158)
	at org.openqa.selenium.remote.service.DriverCommandExecutor.execute(DriverCommandExecutor.java:83)
	at org.openqa.selenium.remote.RemoteWebDriver.execute(RemoteWebDriver.java:552)
	at org.openqa.selenium.remote.RemoteWebDriver.get(RemoteWebDriver.java:277)
	at sun.reflect.NativeMethodAccessorImpl.invoke0(Native Method)
	at sun.reflect.NativeMethodAccessorImpl.invoke(Unknown Source)
	at sun.reflect.DelegatingMethodAccessorImpl.invoke(Unknown Source)
	at java.lang.reflect.Method.invoke(Unknown Source)
	at org.openqa.selenium.support.events.EventFiringWebDriver.lambda$new$1(EventFiringWebDriver.java:105)
	at com.sun.proxy.$Proxy4.get(Unknown Source)
	at org.openqa.selenium.support.events.EventFiringWebDriver.get(EventFiringWebDriver.java:165)
	at baseclass.BaseClassWalmart.initialization(BaseClassWalmart.java:60)
	at com.WalmartTestCases.TestRegistrationWalmart.satup(TestRegistrationWalmart.java:27)
</failure>
    <system-out>Before navigating to: &apos;https://www.walmart.ca/en&apos;
</system-out>
    <system-err>Starting ChromeDriver 89.0.4389.23 (61b08ee2c50024bab004e48d2b1b083cdbdac579-refs/branch-heads/4389@{#294}) on port 27288
Only local connections are allowed.
Please see https://chromedriver.chromium.org/security-considerations for suggestions on keeping ChromeDriver safe.
ChromeDriver was started successfully.
Mar 14, 2021 3:36:32 PM org.openqa.selenium.remote.ProtocolHandshake createSession
INFO: Detected dialect: W3C
[1615750640.989][SEVERE]: Timed out receiving message from renderer: 17.403
[1615750642.456][SEVERE]: Timed out receiving message from renderer: 17.403
</system-err>
  </testcase>
  <testcase classname="com.WalmartTestCases.TestRegistrationWalmart" name="registrationFirstName_Test2" time="0">
    <skipped/>
  </testcase>
  <testcase classname="com.WalmartTestCases.TestRegistrationWalmart" name="satup" time="0">
    <skipped/>
  </testcase>
  <testcase classname="com.WalmartTestCases.TestRegistrationWalmart" name="registrationFirstName_Test3" time="0">
    <skipped/>
  </testcase>
  <testcase classname="com.WalmartTestCases.TestRegistrationWalmart" name="satup" time="0">
    <skipped/>
  </testcase>
  <testcase classname="com.WalmartTestCases.TestRegistrationWalmart" name="registrationFirstName_Test4" time="0">
    <skipped/>
  </testcase>
  <testcase classname="com.WalmartTestCases.TestRegistrationWalmart" name="satup" time="0">
    <skipped/>
  </testcase>
  <testcase classname="com.WalmartTestCases.TestRegistrationWalmart" name="registrationFirstName_Test5" time="0">
    <skipped/>
  </testcase>
  <testcase classname="com.WalmartTestCases.TestRegistrationWalmart" name="satup" time="0">
    <skipped/>
  </testcase>
  <testcase classname="com.WalmartTestCases.TestRegistrationWalmart" name="registrationFirstName_Test6" time="0">
    <skipped/>
  </testcase>
  <testcase classname="com.WalmartTestCases.TestRegistrationWalmart" name="satup" time="0">
    <skipped/>
  </testcase>
  <testcase classname="com.WalmartTestCases.TestRegistrationWalmart" name="registrationLastName_Test10" time="0">
    <skipped/>
  </testcase>
  <testcase classname="com.WalmartTestCases.TestRegistrationWalmart" name="satup" time="0.002">
    <skipped/>
  </testcase>
  <testcase classname="com.WalmartTestCases.TestRegistrationWalmart" name="registrationLastName_Test11" time="0">
    <skipped/>
  </testcase>
  <testcase classname="com.WalmartTestCases.TestRegistrationWalmart" name="satup" time="0">
    <skipped/>
  </testcase>
  <testcase classname="com.WalmartTestCases.TestRegistrationWalmart" name="registrationLastName_Test8" time="0">
    <skipped/>
  </testcase>
  <testcase classname="com.WalmartTestCases.TestRegistrationWalmart" name="satup" time="0.001">
    <skipped/>
  </testcase>
  <testcase classname="com.WalmartTestCases.TestRegistrationWalmart" name="registrationLastName_Test9" time="0">
    <skipped/>
  </testcase>
  <testcase classname="com.WalmartTestCases.TestRegistrationWalmart" name="satup" time="0">
    <skipped/>
  </testcase>
  <testcase classname="com.WalmartTestCases.TestRegistrationWalmart" name="registrationNullFirstLastName_Test16" time="0">
    <skipped/>
  </testcase>
  <testcase classname="com.WalmartTestCases.TestRegistrationWalmart" name="satup" time="0">
    <skipped/>
  </testcase>
  <testcase classname="com.WalmartTestCases.TestRegistrationWalmart" name="registrationPasswordStrangth_Test19" time="0">
    <skipped/>
  </testcase>
  <testcase classname="com.WalmartTestCases.TestRegistrationWalmart" name="satup" time="0.009">
    <skipped/>
  </testcase>
  <testcase classname="com.WalmartTestCases.TestRegistrationWalmart" name="registrationPhoneNumber_Test12" time="0">
    <skipped/>
  </testcase>
  <testcase classname="com.WalmartTestCases.TestRegistrationWalmart" name="satup" time="0.001">
    <skipped/>
  </testcase>
  <testcase classname="com.WalmartTestCases.TestRegistrationWalmart" name="registrationPhoneNumber_Test13" time="0">
    <skipped/>
  </testcase>
  <testcase classname="com.WalmartTestCases.TestRegistrationWalmart" name="satup" time="0">
    <skipped/>
  </testcase>
  <testcase classname="com.WalmartTestCases.TestRegistrationWalmart" name="registrationPhoneNumber_Test14" time="0">
    <skipped/>
  </testcase>
  <testcase classname="com.WalmartTestCases.TestRegistrationWalmart" name="satup" time="0">
    <skipped/>
  </testcase>
  <testcase classname="com.WalmartTestCases.TestRegistrationWalmart" name="registrationPhoneNumber_Test15" time="0">
    <skipped/>
  </testcase>
  <testcase classname="com.WalmartTestCases.TestRegistrationWalmart" name="satup" time="0">
    <skipped/>
  </testcase>
  <testcase classname="com.WalmartTestCases.TestRegistrationWalmart" name="registrationTermsOfUseCheckBox_Test17" time="0">
    <skipped/>
  </testcase>
  <testcase classname="com.WalmartTestCases.TestRegistrationWalmart" name="satup" time="0">
    <skipped/>
  </testcase>
  <testcase classname="com.WalmartTestCases.TestRegistrationWalmart" name="registrationTermsOfUseCheckBox_Test18" time="0.001">
    <skipped/>
  </testcase>
  <testcase classname="com.WalmartTestCases.TestRegistrationWalmart" name="satup" time="0.001">
    <skipped/>
  </testcase>
  <testcase classname="com.WalmartTestCases.TestRegistrationWalmart" name="registration_Test1" time="0">
    <skipped/>
  </testcase>
</testsuite>